2024-04-11 13:05:14.028 [info] Log level: Info
2024-04-11 13:05:14.028 [info] Validating found git in: "git"
2024-04-11 13:05:14.029 [info] Using git "2.40.1" from "git"
2024-04-11 13:05:14.029 [info] > git rev-parse --show-toplevel [22ms]
2024-04-11 13:05:14.029 [info] > git rev-parse --git-dir --git-common-dir [10ms]
2024-04-11 13:05:14.029 [info] Open repository: /home/ec2-user
2024-04-11 13:05:14.029 [info] > git config --get commit.template [13ms]
2024-04-11 13:05:14.029 [info] > git rev-parse --show-toplevel [25ms]
2024-04-11 13:05:14.029 [info] > git for-each-ref --format=%(refname)%00%(upstream:short)%00%(objectname)%00%(upstream:track)%00%(upstream:remotename)%00%(upstream:remoteref) refs/heads/master refs/remotes/master [18ms]
2024-04-11 13:05:14.029 [info] > git rev-parse --show-toplevel [14ms]
2024-04-11 13:05:14.030 [info] > git rev-parse --show-toplevel [4ms]
2024-04-11 13:05:14.030 [info] > git rev-parse --show-toplevel [2ms]
2024-04-11 13:05:14.030 [info] > git status -z -uall [48ms]
2024-04-11 13:05:14.030 [info] > git merge-base refs/heads/master refs/remotes/origin/master [84ms]
2024-04-11 13:05:14.030 [info] > git rev-parse --show-toplevel [138ms]
2024-04-11 13:05:14.030 [info] > git rev-list --count --left-right refs/heads/master...refs/remotes/origin/master [680ms]
2024-04-11 13:05:14.030 [info] > git config --get commit.template [724ms]
2024-04-11 13:05:14.030 [info] > git diff --name-status -z --diff-filter=ADMR f43eab15c97e49cc3a2c3c36f8401929abbdd667...refs/remotes/origin/master [7ms]
2024-04-11 13:05:14.030 [info] > git rev-parse --show-toplevel [148ms]
2024-04-11 13:05:14.030 [info] > git for-each-ref --format=%(refname)%00%(upstream:short)%00%(objectname)%00%(upstream:track)%00%(upstream:remotename)%00%(upstream:remoteref) refs/heads/master refs/remotes/master [18ms]
2024-04-11 13:05:14.030 [info] > git rev-parse --show-toplevel [18ms]
2024-04-11 13:05:14.030 [info] > git rev-parse --show-toplevel [22ms]
2024-04-11 13:05:14.030 [info] > git rev-parse --show-toplevel [2ms]
2024-04-11 13:05:14.030 [info] > git rev-parse --show-toplevel [1ms]
2024-04-11 13:05:14.030 [info] > git status -z -uall [41ms]
2024-04-11 13:05:14.030 [info] > git rev-parse --show-toplevel [67ms]
2024-04-11 13:05:14.607 [info] > git check-ignore -v -z --stdin [45ms]
2024-04-11 13:05:14.644 [info] > git config --get commit.template [7ms]
2024-04-11 13:05:14.653 [info] > git for-each-ref --format=%(refname)%00%(upstream:short)%00%(objectname)%00%(upstream:track)%00%(upstream:remotename)%00%(upstream:remoteref) refs/heads/master refs/remotes/master [10ms]
2024-04-11 13:05:14.789 [info] > git status -z -uall [125ms]
2024-04-11 13:05:16.723 [info] > git show --textconv :statefulset1.yml [51ms]
2024-04-11 13:05:16.725 [info] > git ls-files --stage -- /home/ec2-user/statefulset1.yml [38ms]
2024-04-11 13:05:20.013 [info] > git config --get commit.template [49ms]
2024-04-11 13:05:20.017 [info] > git for-each-ref --format=%(refname)%00%(upstream:short)%00%(objectname)%00%(upstream:track)%00%(upstream:remotename)%00%(upstream:remoteref) refs/heads/master refs/remotes/master [31ms]
2024-04-11 13:05:20.159 [info] > git status -z -uall [125ms]
2024-04-11 13:05:25.317 [info] > git config --get commit.template [31ms]
2024-04-11 13:05:25.321 [info] > git for-each-ref --format=%(refname)%00%(upstream:short)%00%(objectname)%00%(upstream:track)%00%(upstream:remotename)%00%(upstream:remoteref) refs/heads/master refs/remotes/master [32ms]
2024-04-11 13:05:25.429 [info] > git status -z -uall [101ms]
