2024-04-10 11:32:50.106 [info] Log level: Info
2024-04-10 11:32:50.106 [info] Validating found git in: "git"
2024-04-10 11:32:50.106 [info] Using git "2.40.1" from "git"
2024-04-10 11:32:50.106 [info] > git rev-parse --show-toplevel [19ms]
2024-04-10 11:32:50.106 [info] > git rev-parse --show-toplevel [2ms]
2024-04-10 11:33:00.838 [info] > git rev-parse --show-toplevel [3ms]
2024-04-10 11:33:00.844 [info] > git rev-parse --git-dir --git-common-dir [2ms]
2024-04-10 11:33:00.859 [info] Open repository: /home/ec2-user
2024-04-10 11:33:00.874 [info] > git config --get commit.template [6ms]
2024-04-10 11:33:00.884 [info] > git for-each-ref --format=%(refname)%00%(upstream:short)%00%(objectname)%00%(upstream:track)%00%(upstream:remotename)%00%(upstream:remoteref) refs/heads/master refs/remotes/master [14ms]
2024-04-10 11:33:00.923 [info] > git status -z -uall [33ms]
2024-04-10 11:33:01.320 [info] > git merge-base refs/heads/master refs/remotes/origin/master [381ms]
2024-04-10 11:33:01.364 [info] > git rev-list --count --left-right refs/heads/master...refs/remotes/origin/master [22ms]
2024-04-10 11:33:01.370 [info] > git config --get commit.template [93ms]
2024-04-10 11:33:01.380 [info] > git diff --name-status -z --diff-filter=ADMR f43eab15c97e49cc3a2c3c36f8401929abbdd667...refs/remotes/origin/master [11ms]
2024-04-10 11:33:01.385 [info] > git for-each-ref --format=%(refname)%00%(upstream:short)%00%(objectname)%00%(upstream:track)%00%(upstream:remotename)%00%(upstream:remoteref) refs/heads/master refs/remotes/master [8ms]
2024-04-10 11:33:01.414 [info] > git status -z -uall [24ms]
2024-04-10 11:33:01.929 [info] > git check-ignore -v -z --stdin [3ms]
2024-04-10 11:33:02.048 [info] > git show --textconv :kubernetes/pod-definition1.yml [6ms]
2024-04-10 11:33:02.061 [info] > git ls-files --stage -- /home/ec2-user/kubernetes/pod-definition1.yml [14ms]
2024-04-10 11:33:12.518 [info] > git merge-base refs/heads/master refs/remotes/origin/master [3ms]
2024-04-10 11:33:12.524 [info] > git rev-list --count --left-right refs/heads/master...refs/remotes/origin/master [2ms]
2024-04-10 11:33:13.696 [info] > git check-ignore -v -z --stdin [2ms]
2024-04-10 11:33:17.157 [info] > git check-ignore -v -z --stdin [3ms]
2024-04-10 11:33:45.598 [info] > git config --get commit.template [9ms]
2024-04-10 11:33:45.600 [info] > git for-each-ref --format=%(refname)%00%(upstream:short)%00%(objectname)%00%(upstream:track)%00%(upstream:remotename)%00%(upstream:remoteref) refs/heads/master refs/remotes/master [5ms]
2024-04-10 11:33:45.630 [info] > git status -z -uall [24ms]
2024-04-10 11:33:47.335 [info] > git show --textconv :kubernetes/pod-definition1.yml [7ms]
2024-04-10 11:33:47.340 [info] > git ls-files --stage -- /home/ec2-user/kubernetes/pod-definition1.yml [5ms]
2024-04-10 11:34:07.742 [info] > git config --get commit.template [7ms]
2024-04-10 11:34:07.745 [info] > git for-each-ref --format=%(refname)%00%(upstream:short)%00%(objectname)%00%(upstream:track)%00%(upstream:remotename)%00%(upstream:remoteref) refs/heads/master refs/remotes/master [3ms]
2024-04-10 11:34:07.777 [info] > git status -z -uall [26ms]
2024-04-10 11:35:42.366 [info] > git config --get commit.template [8ms]
2024-04-10 11:35:42.368 [info] > git for-each-ref --format=%(refname)%00%(upstream:short)%00%(objectname)%00%(upstream:track)%00%(upstream:remotename)%00%(upstream:remoteref) refs/heads/master refs/remotes/master [4ms]
2024-04-10 11:35:42.399 [info] > git status -z -uall [26ms]
2024-04-10 11:35:45.703 [info] > git show --textconv :kubernetes/pod-definition1.yml [7ms]
2024-04-10 11:35:45.706 [info] > git ls-files --stage -- /home/ec2-user/kubernetes/pod-definition1.yml [4ms]
2024-04-10 11:36:52.772 [info] > git config --get commit.template [8ms]
2024-04-10 11:36:52.774 [info] > git for-each-ref --format=%(refname)%00%(upstream:short)%00%(objectname)%00%(upstream:track)%00%(upstream:remotename)%00%(upstream:remoteref) refs/heads/master refs/remotes/master [3ms]
2024-04-10 11:36:52.817 [info] > git status -z -uall [38ms]
2024-04-10 11:36:57.866 [info] > git config --get commit.template [6ms]
2024-04-10 11:36:57.868 [info] > git for-each-ref --format=%(refname)%00%(upstream:short)%00%(objectname)%00%(upstream:track)%00%(upstream:remotename)%00%(upstream:remoteref) refs/heads/master refs/remotes/master [3ms]
2024-04-10 11:36:57.897 [info] > git status -z -uall [24ms]
2024-04-10 11:37:02.938 [info] > git config --get commit.template [7ms]
2024-04-10 11:37:02.940 [info] > git for-each-ref --format=%(refname)%00%(upstream:short)%00%(objectname)%00%(upstream:track)%00%(upstream:remotename)%00%(upstream:remoteref) refs/heads/master refs/remotes/master [3ms]
2024-04-10 11:37:02.979 [info] > git status -z -uall [34ms]
2024-04-10 11:38:05.496 [info] > git config --get commit.template [7ms]
2024-04-10 11:38:05.498 [info] > git for-each-ref --format=%(refname)%00%(upstream:short)%00%(objectname)%00%(upstream:track)%00%(upstream:remotename)%00%(upstream:remoteref) refs/heads/master refs/remotes/master [3ms]
2024-04-10 11:38:05.530 [info] > git status -z -uall [26ms]
2024-04-10 11:39:26.316 [info] > git config --get commit.template [7ms]
2024-04-10 11:39:26.318 [info] > git for-each-ref --format=%(refname)%00%(upstream:short)%00%(objectname)%00%(upstream:track)%00%(upstream:remotename)%00%(upstream:remoteref) refs/heads/master refs/remotes/master [3ms]
2024-04-10 11:39:26.349 [info] > git status -z -uall [27ms]
2024-04-10 11:44:37.367 [info] > git config --get commit.template [6ms]
2024-04-10 11:44:37.369 [info] > git for-each-ref --format=%(refname)%00%(upstream:short)%00%(objectname)%00%(upstream:track)%00%(upstream:remotename)%00%(upstream:remoteref) refs/heads/master refs/remotes/master [2ms]
2024-04-10 11:44:37.399 [info] > git status -z -uall [25ms]
2024-04-10 11:44:42.442 [info] > git config --get commit.template [7ms]
2024-04-10 11:44:42.444 [info] > git for-each-ref --format=%(refname)%00%(upstream:short)%00%(objectname)%00%(upstream:track)%00%(upstream:remotename)%00%(upstream:remoteref) refs/heads/master refs/remotes/master [3ms]
2024-04-10 11:44:42.475 [info] > git status -z -uall [25ms]
2024-04-10 11:44:47.516 [info] > git config --get commit.template [7ms]
2024-04-10 11:44:47.518 [info] > git for-each-ref --format=%(refname)%00%(upstream:short)%00%(objectname)%00%(upstream:track)%00%(upstream:remotename)%00%(upstream:remoteref) refs/heads/master refs/remotes/master [4ms]
2024-04-10 11:44:47.547 [info] > git status -z -uall [24ms]
2024-04-10 11:44:52.586 [info] > git config --get commit.template [7ms]
2024-04-10 11:44:52.588 [info] > git for-each-ref --format=%(refname)%00%(upstream:short)%00%(objectname)%00%(upstream:track)%00%(upstream:remotename)%00%(upstream:remoteref) refs/heads/master refs/remotes/master [3ms]
2024-04-10 11:44:52.617 [info] > git status -z -uall [24ms]
2024-04-10 11:44:57.664 [info] > git config --get commit.template [7ms]
2024-04-10 11:44:57.666 [info] > git for-each-ref --format=%(refname)%00%(upstream:short)%00%(objectname)%00%(upstream:track)%00%(upstream:remotename)%00%(upstream:remoteref) refs/heads/master refs/remotes/master [3ms]
2024-04-10 11:44:57.698 [info] > git status -z -uall [27ms]
2024-04-10 11:45:02.736 [info] > git config --get commit.template [7ms]
2024-04-10 11:45:02.738 [info] > git for-each-ref --format=%(refname)%00%(upstream:short)%00%(objectname)%00%(upstream:track)%00%(upstream:remotename)%00%(upstream:remoteref) refs/heads/master refs/remotes/master [3ms]
2024-04-10 11:45:02.768 [info] > git status -z -uall [24ms]
2024-04-10 11:45:07.807 [info] > git config --get commit.template [7ms]
2024-04-10 11:45:07.809 [info] > git for-each-ref --format=%(refname)%00%(upstream:short)%00%(objectname)%00%(upstream:track)%00%(upstream:remotename)%00%(upstream:remoteref) refs/heads/master refs/remotes/master [3ms]
2024-04-10 11:45:07.840 [info] > git status -z -uall [25ms]
2024-04-10 11:45:12.888 [info] > git config --get commit.template [18ms]
2024-04-10 11:45:12.891 [info] > git for-each-ref --format=%(refname)%00%(upstream:short)%00%(objectname)%00%(upstream:track)%00%(upstream:remotename)%00%(upstream:remoteref) refs/heads/master refs/remotes/master [2ms]
2024-04-10 11:45:12.928 [info] > git status -z -uall [24ms]
2024-04-10 11:45:17.965 [info] > git config --get commit.template [7ms]
2024-04-10 11:45:17.967 [info] > git for-each-ref --format=%(refname)%00%(upstream:short)%00%(objectname)%00%(upstream:track)%00%(upstream:remotename)%00%(upstream:remoteref) refs/heads/master refs/remotes/master [3ms]
2024-04-10 11:45:17.997 [info] > git status -z -uall [25ms]
2024-04-10 11:45:23.038 [info] > git config --get commit.template [7ms]
2024-04-10 11:45:23.040 [info] > git for-each-ref --format=%(refname)%00%(upstream:short)%00%(objectname)%00%(upstream:track)%00%(upstream:remotename)%00%(upstream:remoteref) refs/heads/master refs/remotes/master [3ms]
2024-04-10 11:45:23.068 [info] > git status -z -uall [23ms]
2024-04-10 11:45:28.106 [info] > git config --get commit.template [7ms]
2024-04-10 11:45:28.108 [info] > git for-each-ref --format=%(refname)%00%(upstream:short)%00%(objectname)%00%(upstream:track)%00%(upstream:remotename)%00%(upstream:remoteref) refs/heads/master refs/remotes/master [3ms]
2024-04-10 11:45:28.138 [info] > git status -z -uall [25ms]
2024-04-10 11:45:33.174 [info] > git config --get commit.template [7ms]
2024-04-10 11:45:33.176 [info] > git for-each-ref --format=%(refname)%00%(upstream:short)%00%(objectname)%00%(upstream:track)%00%(upstream:remotename)%00%(upstream:remoteref) refs/heads/master refs/remotes/master [3ms]
2024-04-10 11:45:33.206 [info] > git status -z -uall [24ms]
2024-04-10 11:45:38.257 [info] > git config --get commit.template [7ms]
2024-04-10 11:45:38.259 [info] > git for-each-ref --format=%(refname)%00%(upstream:short)%00%(objectname)%00%(upstream:track)%00%(upstream:remotename)%00%(upstream:remoteref) refs/heads/master refs/remotes/master [3ms]
2024-04-10 11:45:38.289 [info] > git status -z -uall [24ms]
2024-04-10 11:45:43.328 [info] > git config --get commit.template [6ms]
2024-04-10 11:45:43.330 [info] > git for-each-ref --format=%(refname)%00%(upstream:short)%00%(objectname)%00%(upstream:track)%00%(upstream:remotename)%00%(upstream:remoteref) refs/heads/master refs/remotes/master [3ms]
2024-04-10 11:45:43.359 [info] > git status -z -uall [25ms]
2024-04-10 11:45:48.397 [info] > git config --get commit.template [6ms]
2024-04-10 11:45:48.400 [info] > git for-each-ref --format=%(refname)%00%(upstream:short)%00%(objectname)%00%(upstream:track)%00%(upstream:remotename)%00%(upstream:remoteref) refs/heads/master refs/remotes/master [2ms]
2024-04-10 11:45:48.430 [info] > git status -z -uall [24ms]
2024-04-10 11:45:53.473 [info] > git config --get commit.template [7ms]
2024-04-10 11:45:53.475 [info] > git for-each-ref --format=%(refname)%00%(upstream:short)%00%(objectname)%00%(upstream:track)%00%(upstream:remotename)%00%(upstream:remoteref) refs/heads/master refs/remotes/master [3ms]
2024-04-10 11:45:53.509 [info] > git status -z -uall [29ms]
2024-04-10 11:45:58.545 [info] > git config --get commit.template [7ms]
2024-04-10 11:45:58.547 [info] > git for-each-ref --format=%(refname)%00%(upstream:short)%00%(objectname)%00%(upstream:track)%00%(upstream:remotename)%00%(upstream:remoteref) refs/heads/master refs/remotes/master [3ms]
2024-04-10 11:45:58.576 [info] > git status -z -uall [24ms]
2024-04-10 11:46:02.719 [info] > git check-ignore -v -z --stdin [2ms]
2024-04-10 11:46:03.078 [info] > git show --textconv :kubernetes/nodeaffinity1.yml [8ms]
2024-04-10 11:46:03.081 [info] > git ls-files --stage -- /home/ec2-user/kubernetes/nodeaffinity1.yml [4ms]
2024-04-10 11:46:03.614 [info] > git config --get commit.template [6ms]
2024-04-10 11:46:03.616 [info] > git for-each-ref --format=%(refname)%00%(upstream:short)%00%(objectname)%00%(upstream:track)%00%(upstream:remotename)%00%(upstream:remoteref) refs/heads/master refs/remotes/master [2ms]
2024-04-10 11:46:03.645 [info] > git status -z -uall [24ms]
2024-04-10 11:46:08.680 [info] > git config --get commit.template [7ms]
2024-04-10 11:46:08.682 [info] > git for-each-ref --format=%(refname)%00%(upstream:short)%00%(objectname)%00%(upstream:track)%00%(upstream:remotename)%00%(upstream:remoteref) refs/heads/master refs/remotes/master [3ms]
2024-04-10 11:46:08.712 [info] > git status -z -uall [25ms]
2024-04-10 11:46:13.748 [info] > git config --get commit.template [7ms]
2024-04-10 11:46:13.750 [info] > git for-each-ref --format=%(refname)%00%(upstream:short)%00%(objectname)%00%(upstream:track)%00%(upstream:remotename)%00%(upstream:remoteref) refs/heads/master refs/remotes/master [3ms]
2024-04-10 11:46:13.779 [info] > git status -z -uall [24ms]
2024-04-10 11:46:18.815 [info] > git config --get commit.template [6ms]
2024-04-10 11:46:18.817 [info] > git for-each-ref --format=%(refname)%00%(upstream:short)%00%(objectname)%00%(upstream:track)%00%(upstream:remotename)%00%(upstream:remoteref) refs/heads/master refs/remotes/master [2ms]
2024-04-10 11:46:18.850 [info] > git status -z -uall [28ms]
2024-04-10 11:46:23.888 [info] > git config --get commit.template [7ms]
2024-04-10 11:46:23.890 [info] > git for-each-ref --format=%(refname)%00%(upstream:short)%00%(objectname)%00%(upstream:track)%00%(upstream:remotename)%00%(upstream:remoteref) refs/heads/master refs/remotes/master [3ms]
2024-04-10 11:46:23.918 [info] > git status -z -uall [23ms]
2024-04-10 11:46:28.956 [info] > git config --get commit.template [7ms]
2024-04-10 11:46:28.958 [info] > git for-each-ref --format=%(refname)%00%(upstream:short)%00%(objectname)%00%(upstream:track)%00%(upstream:remotename)%00%(upstream:remoteref) refs/heads/master refs/remotes/master [3ms]
2024-04-10 11:46:28.988 [info] > git status -z -uall [24ms]
2024-04-10 11:46:34.024 [info] > git config --get commit.template [7ms]
2024-04-10 11:46:34.026 [info] > git for-each-ref --format=%(refname)%00%(upstream:short)%00%(objectname)%00%(upstream:track)%00%(upstream:remotename)%00%(upstream:remoteref) refs/heads/master refs/remotes/master [4ms]
2024-04-10 11:46:34.054 [info] > git status -z -uall [23ms]
2024-04-10 11:46:39.092 [info] > git config --get commit.template [6ms]
2024-04-10 11:46:39.094 [info] > git for-each-ref --format=%(refname)%00%(upstream:short)%00%(objectname)%00%(upstream:track)%00%(upstream:remotename)%00%(upstream:remoteref) refs/heads/master refs/remotes/master [2ms]
2024-04-10 11:46:39.123 [info] > git status -z -uall [24ms]
2024-04-10 11:46:44.162 [info] > git config --get commit.template [7ms]
2024-04-10 11:46:44.164 [info] > git for-each-ref --format=%(refname)%00%(upstream:short)%00%(objectname)%00%(upstream:track)%00%(upstream:remotename)%00%(upstream:remoteref) refs/heads/master refs/remotes/master [3ms]
2024-04-10 11:46:44.194 [info] > git status -z -uall [25ms]
2024-04-10 11:46:49.238 [info] > git config --get commit.template [6ms]
2024-04-10 11:46:49.240 [info] > git for-each-ref --format=%(refname)%00%(upstream:short)%00%(objectname)%00%(upstream:track)%00%(upstream:remotename)%00%(upstream:remoteref) refs/heads/master refs/remotes/master [3ms]
2024-04-10 11:46:49.268 [info] > git status -z -uall [23ms]
2024-04-10 11:46:54.304 [info] > git config --get commit.template [7ms]
2024-04-10 11:46:54.306 [info] > git for-each-ref --format=%(refname)%00%(upstream:short)%00%(objectname)%00%(upstream:track)%00%(upstream:remotename)%00%(upstream:remoteref) refs/heads/master refs/remotes/master [2ms]
2024-04-10 11:46:54.335 [info] > git status -z -uall [24ms]
2024-04-10 11:46:59.378 [info] > git config --get commit.template [7ms]
2024-04-10 11:46:59.380 [info] > git for-each-ref --format=%(refname)%00%(upstream:short)%00%(objectname)%00%(upstream:track)%00%(upstream:remotename)%00%(upstream:remoteref) refs/heads/master refs/remotes/master [3ms]
2024-04-10 11:46:59.409 [info] > git status -z -uall [24ms]
2024-04-10 11:47:04.446 [info] > git config --get commit.template [7ms]
2024-04-10 11:47:04.448 [info] > git for-each-ref --format=%(refname)%00%(upstream:short)%00%(objectname)%00%(upstream:track)%00%(upstream:remotename)%00%(upstream:remoteref) refs/heads/master refs/remotes/master [2ms]
2024-04-10 11:47:04.477 [info] > git status -z -uall [23ms]
2024-04-10 11:47:09.514 [info] > git config --get commit.template [7ms]
2024-04-10 11:47:09.516 [info] > git for-each-ref --format=%(refname)%00%(upstream:short)%00%(objectname)%00%(upstream:track)%00%(upstream:remotename)%00%(upstream:remoteref) refs/heads/master refs/remotes/master [3ms]
2024-04-10 11:47:09.545 [info] > git status -z -uall [24ms]
2024-04-10 11:47:14.583 [info] > git config --get commit.template [7ms]
2024-04-10 11:47:14.585 [info] > git for-each-ref --format=%(refname)%00%(upstream:short)%00%(objectname)%00%(upstream:track)%00%(upstream:remotename)%00%(upstream:remoteref) refs/heads/master refs/remotes/master [3ms]
2024-04-10 11:47:14.614 [info] > git status -z -uall [24ms]
2024-04-10 11:47:19.650 [info] > git config --get commit.template [6ms]
2024-04-10 11:47:19.652 [info] > git for-each-ref --format=%(refname)%00%(upstream:short)%00%(objectname)%00%(upstream:track)%00%(upstream:remotename)%00%(upstream:remoteref) refs/heads/master refs/remotes/master [2ms]
2024-04-10 11:47:19.681 [info] > git status -z -uall [23ms]
2024-04-10 11:47:24.719 [info] > git config --get commit.template [7ms]
2024-04-10 11:47:24.721 [info] > git for-each-ref --format=%(refname)%00%(upstream:short)%00%(objectname)%00%(upstream:track)%00%(upstream:remotename)%00%(upstream:remoteref) refs/heads/master refs/remotes/master [3ms]
2024-04-10 11:47:24.750 [info] > git status -z -uall [24ms]
2024-04-10 11:47:29.787 [info] > git config --get commit.template [7ms]
2024-04-10 11:47:29.789 [info] > git for-each-ref --format=%(refname)%00%(upstream:short)%00%(objectname)%00%(upstream:track)%00%(upstream:remotename)%00%(upstream:remoteref) refs/heads/master refs/remotes/master [3ms]
2024-04-10 11:47:29.821 [info] > git status -z -uall [26ms]
2024-04-10 11:47:34.855 [info] > git config --get commit.template [7ms]
2024-04-10 11:47:34.859 [info] > git for-each-ref --format=%(refname)%00%(upstream:short)%00%(objectname)%00%(upstream:track)%00%(upstream:remotename)%00%(upstream:remoteref) refs/heads/master refs/remotes/master [5ms]
2024-04-10 11:47:34.889 [info] > git status -z -uall [25ms]
2024-04-10 11:47:39.928 [info] > git config --get commit.template [6ms]
2024-04-10 11:47:39.930 [info] > git for-each-ref --format=%(refname)%00%(upstream:short)%00%(objectname)%00%(upstream:track)%00%(upstream:remotename)%00%(upstream:remoteref) refs/heads/master refs/remotes/master [2ms]
2024-04-10 11:47:39.959 [info] > git status -z -uall [24ms]
2024-04-10 11:47:45.007 [info] > git config --get commit.template [8ms]
2024-04-10 11:47:45.009 [info] > git for-each-ref --format=%(refname)%00%(upstream:short)%00%(objectname)%00%(upstream:track)%00%(upstream:remotename)%00%(upstream:remoteref) refs/heads/master refs/remotes/master [3ms]
2024-04-10 11:47:45.040 [info] > git status -z -uall [24ms]
2024-04-10 11:47:50.078 [info] > git config --get commit.template [7ms]
2024-04-10 11:47:50.080 [info] > git for-each-ref --format=%(refname)%00%(upstream:short)%00%(objectname)%00%(upstream:track)%00%(upstream:remotename)%00%(upstream:remoteref) refs/heads/master refs/remotes/master [3ms]
2024-04-10 11:47:50.109 [info] > git status -z -uall [23ms]
2024-04-10 11:47:55.143 [info] > git config --get commit.template [6ms]
2024-04-10 11:47:55.146 [info] > git for-each-ref --format=%(refname)%00%(upstream:short)%00%(objectname)%00%(upstream:track)%00%(upstream:remotename)%00%(upstream:remoteref) refs/heads/master refs/remotes/master [2ms]
2024-04-10 11:47:55.174 [info] > git status -z -uall [24ms]
2024-04-10 11:48:00.214 [info] > git config --get commit.template [7ms]
2024-04-10 11:48:00.216 [info] > git for-each-ref --format=%(refname)%00%(upstream:short)%00%(objectname)%00%(upstream:track)%00%(upstream:remotename)%00%(upstream:remoteref) refs/heads/master refs/remotes/master [2ms]
2024-04-10 11:48:00.246 [info] > git status -z -uall [24ms]
2024-04-10 11:48:05.286 [info] > git config --get commit.template [7ms]
2024-04-10 11:48:05.288 [info] > git for-each-ref --format=%(refname)%00%(upstream:short)%00%(objectname)%00%(upstream:track)%00%(upstream:remotename)%00%(upstream:remoteref) refs/heads/master refs/remotes/master [3ms]
2024-04-10 11:48:05.322 [info] > git status -z -uall [29ms]
2024-04-10 11:48:10.359 [info] > git config --get commit.template [8ms]
2024-04-10 11:48:10.361 [info] > git for-each-ref --format=%(refname)%00%(upstream:short)%00%(objectname)%00%(upstream:track)%00%(upstream:remotename)%00%(upstream:remoteref) refs/heads/master refs/remotes/master [3ms]
2024-04-10 11:48:10.390 [info] > git status -z -uall [23ms]
2024-04-10 11:48:15.438 [info] > git config --get commit.template [7ms]
2024-04-10 11:48:15.440 [info] > git for-each-ref --format=%(refname)%00%(upstream:short)%00%(objectname)%00%(upstream:track)%00%(upstream:remotename)%00%(upstream:remoteref) refs/heads/master refs/remotes/master [2ms]
2024-04-10 11:48:15.469 [info] > git status -z -uall [24ms]
2024-04-10 11:48:20.506 [info] > git config --get commit.template [7ms]
2024-04-10 11:48:20.508 [info] > git for-each-ref --format=%(refname)%00%(upstream:short)%00%(objectname)%00%(upstream:track)%00%(upstream:remotename)%00%(upstream:remoteref) refs/heads/master refs/remotes/master [2ms]
2024-04-10 11:48:20.538 [info] > git status -z -uall [24ms]
2024-04-10 11:48:25.574 [info] > git config --get commit.template [7ms]
2024-04-10 11:48:25.576 [info] > git for-each-ref --format=%(refname)%00%(upstream:short)%00%(objectname)%00%(upstream:track)%00%(upstream:remotename)%00%(upstream:remoteref) refs/heads/master refs/remotes/master [3ms]
2024-04-10 11:48:25.606 [info] > git status -z -uall [24ms]
2024-04-10 11:48:30.642 [info] > git config --get commit.template [7ms]
2024-04-10 11:48:30.644 [info] > git for-each-ref --format=%(refname)%00%(upstream:short)%00%(objectname)%00%(upstream:track)%00%(upstream:remotename)%00%(upstream:remoteref) refs/heads/master refs/remotes/master [3ms]
2024-04-10 11:48:30.674 [info] > git status -z -uall [25ms]
2024-04-10 11:48:35.713 [info] > git config --get commit.template [7ms]
2024-04-10 11:48:35.715 [info] > git for-each-ref --format=%(refname)%00%(upstream:short)%00%(objectname)%00%(upstream:track)%00%(upstream:remotename)%00%(upstream:remoteref) refs/heads/master refs/remotes/master [3ms]
2024-04-10 11:48:35.744 [info] > git status -z -uall [24ms]
2024-04-10 11:48:40.790 [info] > git config --get commit.template [6ms]
2024-04-10 11:48:40.792 [info] > git for-each-ref --format=%(refname)%00%(upstream:short)%00%(objectname)%00%(upstream:track)%00%(upstream:remotename)%00%(upstream:remoteref) refs/heads/master refs/remotes/master [3ms]
2024-04-10 11:48:40.820 [info] > git status -z -uall [23ms]
2024-04-10 11:48:45.860 [info] > git config --get commit.template [7ms]
2024-04-10 11:48:45.862 [info] > git for-each-ref --format=%(refname)%00%(upstream:short)%00%(objectname)%00%(upstream:track)%00%(upstream:remotename)%00%(upstream:remoteref) refs/heads/master refs/remotes/master [3ms]
2024-04-10 11:48:45.891 [info] > git status -z -uall [24ms]
2024-04-10 11:48:50.927 [info] > git config --get commit.template [6ms]
2024-04-10 11:48:50.929 [info] > git for-each-ref --format=%(refname)%00%(upstream:short)%00%(objectname)%00%(upstream:track)%00%(upstream:remotename)%00%(upstream:remoteref) refs/heads/master refs/remotes/master [3ms]
2024-04-10 11:48:50.958 [info] > git status -z -uall [24ms]
2024-04-10 11:48:55.996 [info] > git config --get commit.template [7ms]
2024-04-10 11:48:55.998 [info] > git for-each-ref --format=%(refname)%00%(upstream:short)%00%(objectname)%00%(upstream:track)%00%(upstream:remotename)%00%(upstream:remoteref) refs/heads/master refs/remotes/master [3ms]
2024-04-10 11:48:56.033 [info] > git status -z -uall [30ms]
2024-04-10 11:49:01.071 [info] > git config --get commit.template [8ms]
2024-04-10 11:49:01.073 [info] > git for-each-ref --format=%(refname)%00%(upstream:short)%00%(objectname)%00%(upstream:track)%00%(upstream:remotename)%00%(upstream:remoteref) refs/heads/master refs/remotes/master [3ms]
2024-04-10 11:49:01.103 [info] > git status -z -uall [24ms]
2024-04-10 11:49:06.141 [info] > git config --get commit.template [7ms]
2024-04-10 11:49:06.143 [info] > git for-each-ref --format=%(refname)%00%(upstream:short)%00%(objectname)%00%(upstream:track)%00%(upstream:remotename)%00%(upstream:remoteref) refs/heads/master refs/remotes/master [2ms]
2024-04-10 11:49:06.174 [info] > git status -z -uall [24ms]
2024-04-10 11:49:11.209 [info] > git config --get commit.template [7ms]
2024-04-10 11:49:11.212 [info] > git for-each-ref --format=%(refname)%00%(upstream:short)%00%(objectname)%00%(upstream:track)%00%(upstream:remotename)%00%(upstream:remoteref) refs/heads/master refs/remotes/master [2ms]
2024-04-10 11:49:11.240 [info] > git status -z -uall [23ms]
2024-04-10 11:49:16.278 [info] > git config --get commit.template [7ms]
2024-04-10 11:49:16.280 [info] > git for-each-ref --format=%(refname)%00%(upstream:short)%00%(objectname)%00%(upstream:track)%00%(upstream:remotename)%00%(upstream:remoteref) refs/heads/master refs/remotes/master [3ms]
2024-04-10 11:49:16.309 [info] > git status -z -uall [24ms]
2024-04-10 11:49:21.346 [info] > git config --get commit.template [7ms]
2024-04-10 11:49:21.348 [info] > git for-each-ref --format=%(refname)%00%(upstream:short)%00%(objectname)%00%(upstream:track)%00%(upstream:remotename)%00%(upstream:remoteref) refs/heads/master refs/remotes/master [3ms]
2024-04-10 11:49:21.377 [info] > git status -z -uall [24ms]
2024-04-10 11:49:26.415 [info] > git config --get commit.template [7ms]
2024-04-10 11:49:26.417 [info] > git for-each-ref --format=%(refname)%00%(upstream:short)%00%(objectname)%00%(upstream:track)%00%(upstream:remotename)%00%(upstream:remoteref) refs/heads/master refs/remotes/master [3ms]
2024-04-10 11:49:26.445 [info] > git status -z -uall [23ms]
2024-04-10 11:49:31.495 [info] > git config --get commit.template [7ms]
2024-04-10 11:49:31.497 [info] > git for-each-ref --format=%(refname)%00%(upstream:short)%00%(objectname)%00%(upstream:track)%00%(upstream:remotename)%00%(upstream:remoteref) refs/heads/master refs/remotes/master [3ms]
2024-04-10 11:49:31.529 [info] > git status -z -uall [26ms]
2024-04-10 11:49:36.577 [info] > git config --get commit.template [7ms]
2024-04-10 11:49:36.579 [info] > git for-each-ref --format=%(refname)%00%(upstream:short)%00%(objectname)%00%(upstream:track)%00%(upstream:remotename)%00%(upstream:remoteref) refs/heads/master refs/remotes/master [3ms]
2024-04-10 11:49:36.607 [info] > git status -z -uall [23ms]
2024-04-10 11:49:41.643 [info] > git config --get commit.template [7ms]
2024-04-10 11:49:41.645 [info] > git for-each-ref --format=%(refname)%00%(upstream:short)%00%(objectname)%00%(upstream:track)%00%(upstream:remotename)%00%(upstream:remoteref) refs/heads/master refs/remotes/master [3ms]
2024-04-10 11:49:41.676 [info] > git status -z -uall [26ms]
2024-04-10 11:49:46.732 [info] > git config --get commit.template [9ms]
2024-04-10 11:49:46.740 [info] > git for-each-ref --format=%(refname)%00%(upstream:short)%00%(objectname)%00%(upstream:track)%00%(upstream:remotename)%00%(upstream:remoteref) refs/heads/master refs/remotes/master [8ms]
2024-04-10 11:49:46.779 [info] > git status -z -uall [31ms]
2024-04-10 11:49:51.815 [info] > git config --get commit.template [7ms]
2024-04-10 11:49:51.817 [info] > git for-each-ref --format=%(refname)%00%(upstream:short)%00%(objectname)%00%(upstream:track)%00%(upstream:remotename)%00%(upstream:remoteref) refs/heads/master refs/remotes/master [3ms]
2024-04-10 11:49:51.846 [info] > git status -z -uall [24ms]
2024-04-10 11:49:56.881 [info] > git config --get commit.template [7ms]
2024-04-10 11:49:56.883 [info] > git for-each-ref --format=%(refname)%00%(upstream:short)%00%(objectname)%00%(upstream:track)%00%(upstream:remotename)%00%(upstream:remoteref) refs/heads/master refs/remotes/master [3ms]
2024-04-10 11:49:56.911 [info] > git status -z -uall [23ms]
2024-04-10 11:50:01.950 [info] > git config --get commit.template [7ms]
2024-04-10 11:50:01.952 [info] > git for-each-ref --format=%(refname)%00%(upstream:short)%00%(objectname)%00%(upstream:track)%00%(upstream:remotename)%00%(upstream:remoteref) refs/heads/master refs/remotes/master [2ms]
2024-04-10 11:50:01.983 [info] > git status -z -uall [24ms]
2024-04-10 11:50:07.021 [info] > git config --get commit.template [7ms]
2024-04-10 11:50:07.024 [info] > git for-each-ref --format=%(refname)%00%(upstream:short)%00%(objectname)%00%(upstream:track)%00%(upstream:remotename)%00%(upstream:remoteref) refs/heads/master refs/remotes/master [3ms]
2024-04-10 11:50:07.054 [info] > git status -z -uall [24ms]
2024-04-10 11:50:12.090 [info] > git config --get commit.template [7ms]
2024-04-10 11:50:12.092 [info] > git for-each-ref --format=%(refname)%00%(upstream:short)%00%(objectname)%00%(upstream:track)%00%(upstream:remotename)%00%(upstream:remoteref) refs/heads/master refs/remotes/master [3ms]
2024-04-10 11:50:12.120 [info] > git status -z -uall [23ms]
2024-04-10 11:50:17.158 [info] > git config --get commit.template [8ms]
2024-04-10 11:50:17.160 [info] > git for-each-ref --format=%(refname)%00%(upstream:short)%00%(objectname)%00%(upstream:track)%00%(upstream:remotename)%00%(upstream:remoteref) refs/heads/master refs/remotes/master [3ms]
2024-04-10 11:50:17.192 [info] > git status -z -uall [26ms]
2024-04-10 11:50:22.232 [info] > git config --get commit.template [7ms]
2024-04-10 11:50:22.234 [info] > git for-each-ref --format=%(refname)%00%(upstream:short)%00%(objectname)%00%(upstream:track)%00%(upstream:remotename)%00%(upstream:remoteref) refs/heads/master refs/remotes/master [2ms]
2024-04-10 11:50:22.264 [info] > git status -z -uall [24ms]
2024-04-10 11:50:27.303 [info] > git config --get commit.template [7ms]
2024-04-10 11:50:27.305 [info] > git for-each-ref --format=%(refname)%00%(upstream:short)%00%(objectname)%00%(upstream:track)%00%(upstream:remotename)%00%(upstream:remoteref) refs/heads/master refs/remotes/master [3ms]
2024-04-10 11:50:27.334 [info] > git status -z -uall [24ms]
2024-04-10 11:50:32.382 [info] > git config --get commit.template [7ms]
2024-04-10 11:50:32.384 [info] > git for-each-ref --format=%(refname)%00%(upstream:short)%00%(objectname)%00%(upstream:track)%00%(upstream:remotename)%00%(upstream:remoteref) refs/heads/master refs/remotes/master [3ms]
2024-04-10 11:50:32.413 [info] > git status -z -uall [24ms]
2024-04-10 11:50:37.452 [info] > git config --get commit.template [7ms]
2024-04-10 11:50:37.454 [info] > git for-each-ref --format=%(refname)%00%(upstream:short)%00%(objectname)%00%(upstream:track)%00%(upstream:remotename)%00%(upstream:remoteref) refs/heads/master refs/remotes/master [3ms]
2024-04-10 11:50:37.482 [info] > git status -z -uall [23ms]
2024-04-10 11:50:42.520 [info] > git config --get commit.template [7ms]
2024-04-10 11:50:42.522 [info] > git for-each-ref --format=%(refname)%00%(upstream:short)%00%(objectname)%00%(upstream:track)%00%(upstream:remotename)%00%(upstream:remoteref) refs/heads/master refs/remotes/master [3ms]
2024-04-10 11:50:42.553 [info] > git status -z -uall [25ms]
2024-04-10 11:50:47.589 [info] > git config --get commit.template [8ms]
2024-04-10 11:50:47.591 [info] > git for-each-ref --format=%(refname)%00%(upstream:short)%00%(objectname)%00%(upstream:track)%00%(upstream:remotename)%00%(upstream:remoteref) refs/heads/master refs/remotes/master [3ms]
2024-04-10 11:50:47.620 [info] > git status -z -uall [24ms]
2024-04-10 11:50:52.658 [info] > git config --get commit.template [7ms]
2024-04-10 11:50:52.662 [info] > git for-each-ref --format=%(refname)%00%(upstream:short)%00%(objectname)%00%(upstream:track)%00%(upstream:remotename)%00%(upstream:remoteref) refs/heads/master refs/remotes/master [5ms]
2024-04-10 11:50:52.691 [info] > git status -z -uall [23ms]
2024-04-10 11:50:57.726 [info] > git config --get commit.template [6ms]
2024-04-10 11:50:57.729 [info] > git for-each-ref --format=%(refname)%00%(upstream:short)%00%(objectname)%00%(upstream:track)%00%(upstream:remotename)%00%(upstream:remoteref) refs/heads/master refs/remotes/master [2ms]
2024-04-10 11:50:57.763 [info] > git status -z -uall [29ms]
2024-04-10 11:51:02.797 [info] > git config --get commit.template [7ms]
2024-04-10 11:51:02.799 [info] > git for-each-ref --format=%(refname)%00%(upstream:short)%00%(objectname)%00%(upstream:track)%00%(upstream:remotename)%00%(upstream:remoteref) refs/heads/master refs/remotes/master [2ms]
2024-04-10 11:51:02.828 [info] > git status -z -uall [24ms]
2024-04-10 11:51:07.864 [info] > git config --get commit.template [6ms]
2024-04-10 11:51:07.866 [info] > git for-each-ref --format=%(refname)%00%(upstream:short)%00%(objectname)%00%(upstream:track)%00%(upstream:remotename)%00%(upstream:remoteref) refs/heads/master refs/remotes/master [3ms]
2024-04-10 11:51:07.894 [info] > git status -z -uall [23ms]
2024-04-10 11:51:12.930 [info] > git config --get commit.template [8ms]
2024-04-10 11:51:12.932 [info] > git for-each-ref --format=%(refname)%00%(upstream:short)%00%(objectname)%00%(upstream:track)%00%(upstream:remotename)%00%(upstream:remoteref) refs/heads/master refs/remotes/master [3ms]
2024-04-10 11:51:12.963 [info] > git status -z -uall [24ms]
2024-04-10 11:53:25.773 [info] > git config --get commit.template [7ms]
2024-04-10 11:53:25.775 [info] > git for-each-ref --format=%(refname)%00%(upstream:short)%00%(objectname)%00%(upstream:track)%00%(upstream:remotename)%00%(upstream:remoteref) refs/heads/master refs/remotes/master [3ms]
2024-04-10 11:53:25.806 [info] > git status -z -uall [25ms]
2024-04-10 11:53:30.852 [info] > git config --get commit.template [6ms]
2024-04-10 11:53:30.855 [info] > git for-each-ref --format=%(refname)%00%(upstream:short)%00%(objectname)%00%(upstream:track)%00%(upstream:remotename)%00%(upstream:remoteref) refs/heads/master refs/remotes/master [2ms]
2024-04-10 11:53:30.888 [info] > git status -z -uall [29ms]
2024-04-10 11:53:35.937 [info] > git config --get commit.template [8ms]
2024-04-10 11:53:35.939 [info] > git for-each-ref --format=%(refname)%00%(upstream:short)%00%(objectname)%00%(upstream:track)%00%(upstream:remotename)%00%(upstream:remoteref) refs/heads/master refs/remotes/master [3ms]
2024-04-10 11:53:35.968 [info] > git status -z -uall [24ms]
2024-04-10 11:53:41.016 [info] > git config --get commit.template [7ms]
2024-04-10 11:53:41.018 [info] > git for-each-ref --format=%(refname)%00%(upstream:short)%00%(objectname)%00%(upstream:track)%00%(upstream:remotename)%00%(upstream:remoteref) refs/heads/master refs/remotes/master [3ms]
2024-04-10 11:53:41.047 [info] > git status -z -uall [24ms]
2024-04-10 11:54:02.976 [info] > git config --get commit.template [6ms]
2024-04-10 11:54:02.979 [info] > git for-each-ref --format=%(refname)%00%(upstream:short)%00%(objectname)%00%(upstream:track)%00%(upstream:remotename)%00%(upstream:remoteref) refs/heads/master refs/remotes/master [4ms]
2024-04-10 11:54:03.013 [info] > git status -z -uall [29ms]
2024-04-10 11:54:08.061 [info] > git config --get commit.template [6ms]
2024-04-10 11:54:08.064 [info] > git for-each-ref --format=%(refname)%00%(upstream:short)%00%(objectname)%00%(upstream:track)%00%(upstream:remotename)%00%(upstream:remoteref) refs/heads/master refs/remotes/master [4ms]
2024-04-10 11:54:08.096 [info] > git status -z -uall [27ms]
2024-04-10 11:55:52.097 [info] > git config --get commit.template [6ms]
2024-04-10 11:55:52.103 [info] > git for-each-ref --format=%(refname)%00%(upstream:short)%00%(objectname)%00%(upstream:track)%00%(upstream:remotename)%00%(upstream:remoteref) refs/heads/master refs/remotes/master [7ms]
2024-04-10 11:55:52.132 [info] > git status -z -uall [24ms]
2024-04-10 11:55:57.176 [info] > git config --get commit.template [6ms]
2024-04-10 11:55:57.179 [info] > git for-each-ref --format=%(refname)%00%(upstream:short)%00%(objectname)%00%(upstream:track)%00%(upstream:remotename)%00%(upstream:remoteref) refs/heads/master refs/remotes/master [2ms]
2024-04-10 11:55:57.207 [info] > git status -z -uall [24ms]
2024-04-10 11:56:02.256 [info] > git config --get commit.template [7ms]
2024-04-10 11:56:02.258 [info] > git for-each-ref --format=%(refname)%00%(upstream:short)%00%(objectname)%00%(upstream:track)%00%(upstream:remotename)%00%(upstream:remoteref) refs/heads/master refs/remotes/master [4ms]
2024-04-10 11:56:02.287 [info] > git status -z -uall [24ms]
2024-04-10 11:56:07.330 [info] > git config --get commit.template [7ms]
2024-04-10 11:56:07.332 [info] > git for-each-ref --format=%(refname)%00%(upstream:short)%00%(objectname)%00%(upstream:track)%00%(upstream:remotename)%00%(upstream:remoteref) refs/heads/master refs/remotes/master [3ms]
2024-04-10 11:56:07.362 [info] > git status -z -uall [25ms]
2024-04-10 11:56:12.397 [info] > git config --get commit.template [6ms]
2024-04-10 11:56:12.399 [info] > git for-each-ref --format=%(refname)%00%(upstream:short)%00%(objectname)%00%(upstream:track)%00%(upstream:remotename)%00%(upstream:remoteref) refs/heads/master refs/remotes/master [2ms]
2024-04-10 11:56:12.428 [info] > git status -z -uall [23ms]
2024-04-10 11:56:17.469 [info] > git config --get commit.template [6ms]
2024-04-10 11:56:17.471 [info] > git for-each-ref --format=%(refname)%00%(upstream:short)%00%(objectname)%00%(upstream:track)%00%(upstream:remotename)%00%(upstream:remoteref) refs/heads/master refs/remotes/master [3ms]
2024-04-10 11:56:17.499 [info] > git status -z -uall [23ms]
2024-04-10 11:56:22.537 [info] > git config --get commit.template [7ms]
2024-04-10 11:56:22.539 [info] > git for-each-ref --format=%(refname)%00%(upstream:short)%00%(objectname)%00%(upstream:track)%00%(upstream:remotename)%00%(upstream:remoteref) refs/heads/master refs/remotes/master [3ms]
2024-04-10 11:56:22.569 [info] > git status -z -uall [25ms]
2024-04-10 11:56:27.606 [info] > git config --get commit.template [6ms]
2024-04-10 11:56:27.608 [info] > git for-each-ref --format=%(refname)%00%(upstream:short)%00%(objectname)%00%(upstream:track)%00%(upstream:remotename)%00%(upstream:remoteref) refs/heads/master refs/remotes/master [3ms]
2024-04-10 11:56:27.635 [info] > git status -z -uall [22ms]
2024-04-10 11:56:32.672 [info] > git config --get commit.template [7ms]
2024-04-10 11:56:32.674 [info] > git for-each-ref --format=%(refname)%00%(upstream:short)%00%(objectname)%00%(upstream:track)%00%(upstream:remotename)%00%(upstream:remoteref) refs/heads/master refs/remotes/master [3ms]
2024-04-10 11:56:32.704 [info] > git status -z -uall [25ms]
2024-04-10 11:56:37.749 [info] > git config --get commit.template [10ms]
2024-04-10 11:56:37.757 [info] > git for-each-ref --format=%(refname)%00%(upstream:short)%00%(objectname)%00%(upstream:track)%00%(upstream:remotename)%00%(upstream:remoteref) refs/heads/master refs/remotes/master [8ms]
2024-04-10 11:56:37.797 [info] > git status -z -uall [30ms]
2024-04-10 11:56:42.832 [info] > git config --get commit.template [6ms]
2024-04-10 11:56:42.834 [info] > git for-each-ref --format=%(refname)%00%(upstream:short)%00%(objectname)%00%(upstream:track)%00%(upstream:remotename)%00%(upstream:remoteref) refs/heads/master refs/remotes/master [3ms]
2024-04-10 11:56:42.863 [info] > git status -z -uall [24ms]
2024-04-10 11:56:47.901 [info] > git config --get commit.template [8ms]
2024-04-10 11:56:47.903 [info] > git for-each-ref --format=%(refname)%00%(upstream:short)%00%(objectname)%00%(upstream:track)%00%(upstream:remotename)%00%(upstream:remoteref) refs/heads/master refs/remotes/master [3ms]
2024-04-10 11:56:47.932 [info] > git status -z -uall [24ms]
2024-04-10 11:56:52.970 [info] > git config --get commit.template [6ms]
2024-04-10 11:56:52.972 [info] > git for-each-ref --format=%(refname)%00%(upstream:short)%00%(objectname)%00%(upstream:track)%00%(upstream:remotename)%00%(upstream:remoteref) refs/heads/master refs/remotes/master [3ms]
2024-04-10 11:56:53.001 [info] > git status -z -uall [24ms]
2024-04-10 11:56:58.049 [info] > git config --get commit.template [6ms]
2024-04-10 11:56:58.051 [info] > git for-each-ref --format=%(refname)%00%(upstream:short)%00%(objectname)%00%(upstream:track)%00%(upstream:remotename)%00%(upstream:remoteref) refs/heads/master refs/remotes/master [2ms]
2024-04-10 11:56:58.079 [info] > git status -z -uall [24ms]
2024-04-10 11:57:03.115 [info] > git config --get commit.template [7ms]
2024-04-10 11:57:03.117 [info] > git for-each-ref --format=%(refname)%00%(upstream:short)%00%(objectname)%00%(upstream:track)%00%(upstream:remotename)%00%(upstream:remoteref) refs/heads/master refs/remotes/master [3ms]
2024-04-10 11:57:03.146 [info] > git status -z -uall [24ms]
2024-04-10 11:57:08.181 [info] > git config --get commit.template [7ms]
2024-04-10 11:57:08.183 [info] > git for-each-ref --format=%(refname)%00%(upstream:short)%00%(objectname)%00%(upstream:track)%00%(upstream:remotename)%00%(upstream:remoteref) refs/heads/master refs/remotes/master [3ms]
2024-04-10 11:57:08.212 [info] > git status -z -uall [24ms]
2024-04-10 11:57:13.246 [info] > git config --get commit.template [6ms]
2024-04-10 11:57:13.248 [info] > git for-each-ref --format=%(refname)%00%(upstream:short)%00%(objectname)%00%(upstream:track)%00%(upstream:remotename)%00%(upstream:remoteref) refs/heads/master refs/remotes/master [2ms]
2024-04-10 11:57:13.278 [info] > git status -z -uall [25ms]
2024-04-10 11:57:18.314 [info] > git config --get commit.template [7ms]
2024-04-10 11:57:18.316 [info] > git for-each-ref --format=%(refname)%00%(upstream:short)%00%(objectname)%00%(upstream:track)%00%(upstream:remotename)%00%(upstream:remoteref) refs/heads/master refs/remotes/master [3ms]
2024-04-10 11:57:18.345 [info] > git status -z -uall [24ms]
2024-04-10 11:57:23.381 [info] > git config --get commit.template [7ms]
2024-04-10 11:57:23.383 [info] > git for-each-ref --format=%(refname)%00%(upstream:short)%00%(objectname)%00%(upstream:track)%00%(upstream:remotename)%00%(upstream:remoteref) refs/heads/master refs/remotes/master [3ms]
2024-04-10 11:57:23.412 [info] > git status -z -uall [24ms]
2024-04-10 11:57:28.451 [info] > git config --get commit.template [6ms]
2024-04-10 11:57:28.453 [info] > git for-each-ref --format=%(refname)%00%(upstream:short)%00%(objectname)%00%(upstream:track)%00%(upstream:remotename)%00%(upstream:remoteref) refs/heads/master refs/remotes/master [3ms]
2024-04-10 11:57:28.481 [info] > git status -z -uall [24ms]
2024-04-10 11:57:33.520 [info] > git config --get commit.template [7ms]
2024-04-10 11:57:33.522 [info] > git for-each-ref --format=%(refname)%00%(upstream:short)%00%(objectname)%00%(upstream:track)%00%(upstream:remotename)%00%(upstream:remoteref) refs/heads/master refs/remotes/master [2ms]
2024-04-10 11:57:33.556 [info] > git status -z -uall [29ms]
2024-04-10 11:57:38.605 [info] > git config --get commit.template [6ms]
2024-04-10 11:57:38.607 [info] > git for-each-ref --format=%(refname)%00%(upstream:short)%00%(objectname)%00%(upstream:track)%00%(upstream:remotename)%00%(upstream:remoteref) refs/heads/master refs/remotes/master [3ms]
2024-04-10 11:57:38.635 [info] > git status -z -uall [24ms]
2024-04-10 11:57:43.675 [info] > git config --get commit.template [7ms]
2024-04-10 11:57:43.677 [info] > git for-each-ref --format=%(refname)%00%(upstream:short)%00%(objectname)%00%(upstream:track)%00%(upstream:remotename)%00%(upstream:remoteref) refs/heads/master refs/remotes/master [3ms]
2024-04-10 11:57:43.708 [info] > git status -z -uall [25ms]
2024-04-10 11:57:48.744 [info] > git config --get commit.template [7ms]
2024-04-10 11:57:48.746 [info] > git for-each-ref --format=%(refname)%00%(upstream:short)%00%(objectname)%00%(upstream:track)%00%(upstream:remotename)%00%(upstream:remoteref) refs/heads/master refs/remotes/master [3ms]
2024-04-10 11:57:48.776 [info] > git status -z -uall [24ms]
2024-04-10 11:57:53.819 [info] > git config --get commit.template [6ms]
2024-04-10 11:57:53.821 [info] > git for-each-ref --format=%(refname)%00%(upstream:short)%00%(objectname)%00%(upstream:track)%00%(upstream:remotename)%00%(upstream:remoteref) refs/heads/master refs/remotes/master [2ms]
2024-04-10 11:57:53.848 [info] > git status -z -uall [22ms]
2024-04-10 11:57:58.881 [info] > git config --get commit.template [7ms]
2024-04-10 11:57:58.883 [info] > git for-each-ref --format=%(refname)%00%(upstream:short)%00%(objectname)%00%(upstream:track)%00%(upstream:remotename)%00%(upstream:remoteref) refs/heads/master refs/remotes/master [3ms]
2024-04-10 11:57:58.913 [info] > git status -z -uall [25ms]
2024-04-10 11:58:03.952 [info] > git config --get commit.template [6ms]
2024-04-10 11:58:03.954 [info] > git for-each-ref --format=%(refname)%00%(upstream:short)%00%(objectname)%00%(upstream:track)%00%(upstream:remotename)%00%(upstream:remoteref) refs/heads/master refs/remotes/master [2ms]
2024-04-10 11:58:03.982 [info] > git status -z -uall [23ms]
2024-04-10 11:58:09.019 [info] > git config --get commit.template [7ms]
2024-04-10 11:58:09.021 [info] > git for-each-ref --format=%(refname)%00%(upstream:short)%00%(objectname)%00%(upstream:track)%00%(upstream:remotename)%00%(upstream:remoteref) refs/heads/master refs/remotes/master [2ms]
2024-04-10 11:58:09.051 [info] > git status -z -uall [24ms]
2024-04-10 11:58:14.088 [info] > git config --get commit.template [7ms]
2024-04-10 11:58:14.090 [info] > git for-each-ref --format=%(refname)%00%(upstream:short)%00%(objectname)%00%(upstream:track)%00%(upstream:remotename)%00%(upstream:remoteref) refs/heads/master refs/remotes/master [3ms]
2024-04-10 11:58:14.119 [info] > git status -z -uall [24ms]
2024-04-10 11:58:19.157 [info] > git config --get commit.template [7ms]
2024-04-10 11:58:19.159 [info] > git for-each-ref --format=%(refname)%00%(upstream:short)%00%(objectname)%00%(upstream:track)%00%(upstream:remotename)%00%(upstream:remoteref) refs/heads/master refs/remotes/master [3ms]
2024-04-10 11:58:19.188 [info] > git status -z -uall [24ms]
2024-04-10 11:58:24.222 [info] > git config --get commit.template [7ms]
2024-04-10 11:58:24.224 [info] > git for-each-ref --format=%(refname)%00%(upstream:short)%00%(objectname)%00%(upstream:track)%00%(upstream:remotename)%00%(upstream:remoteref) refs/heads/master refs/remotes/master [3ms]
2024-04-10 11:58:24.253 [info] > git status -z -uall [24ms]
2024-04-10 11:58:29.290 [info] > git config --get commit.template [6ms]
2024-04-10 11:58:29.292 [info] > git for-each-ref --format=%(refname)%00%(upstream:short)%00%(objectname)%00%(upstream:track)%00%(upstream:remotename)%00%(upstream:remoteref) refs/heads/master refs/remotes/master [3ms]
2024-04-10 11:58:29.320 [info] > git status -z -uall [23ms]
2024-04-10 11:58:34.356 [info] > git config --get commit.template [7ms]
2024-04-10 11:58:34.358 [info] > git for-each-ref --format=%(refname)%00%(upstream:short)%00%(objectname)%00%(upstream:track)%00%(upstream:remotename)%00%(upstream:remoteref) refs/heads/master refs/remotes/master [3ms]
2024-04-10 11:58:34.387 [info] > git status -z -uall [24ms]
2024-04-10 11:58:39.423 [info] > git config --get commit.template [6ms]
2024-04-10 11:58:39.425 [info] > git for-each-ref --format=%(refname)%00%(upstream:short)%00%(objectname)%00%(upstream:track)%00%(upstream:remotename)%00%(upstream:remoteref) refs/heads/master refs/remotes/master [2ms]
2024-04-10 11:58:39.454 [info] > git status -z -uall [24ms]
2024-04-10 11:58:44.490 [info] > git config --get commit.template [7ms]
2024-04-10 11:58:44.492 [info] > git for-each-ref --format=%(refname)%00%(upstream:short)%00%(objectname)%00%(upstream:track)%00%(upstream:remotename)%00%(upstream:remoteref) refs/heads/master refs/remotes/master [3ms]
2024-04-10 11:58:44.521 [info] > git status -z -uall [24ms]
2024-04-10 11:58:49.566 [info] > git config --get commit.template [7ms]
2024-04-10 11:58:49.568 [info] > git for-each-ref --format=%(refname)%00%(upstream:short)%00%(objectname)%00%(upstream:track)%00%(upstream:remotename)%00%(upstream:remoteref) refs/heads/master refs/remotes/master [3ms]
2024-04-10 11:58:49.596 [info] > git status -z -uall [23ms]
2024-04-10 11:58:54.634 [info] > git config --get commit.template [7ms]
2024-04-10 11:58:54.636 [info] > git for-each-ref --format=%(refname)%00%(upstream:short)%00%(objectname)%00%(upstream:track)%00%(upstream:remotename)%00%(upstream:remoteref) refs/heads/master refs/remotes/master [3ms]
2024-04-10 11:58:54.665 [info] > git status -z -uall [23ms]
2024-04-10 11:58:59.700 [info] > git config --get commit.template [7ms]
2024-04-10 11:58:59.705 [info] > git for-each-ref --format=%(refname)%00%(upstream:short)%00%(objectname)%00%(upstream:track)%00%(upstream:remotename)%00%(upstream:remoteref) refs/heads/master refs/remotes/master [6ms]
2024-04-10 11:58:59.733 [info] > git status -z -uall [23ms]
2024-04-10 11:59:04.773 [info] > git config --get commit.template [8ms]
2024-04-10 11:59:04.776 [info] > git for-each-ref --format=%(refname)%00%(upstream:short)%00%(objectname)%00%(upstream:track)%00%(upstream:remotename)%00%(upstream:remoteref) refs/heads/master refs/remotes/master [2ms]
2024-04-10 11:59:04.805 [info] > git status -z -uall [23ms]
2024-04-10 11:59:09.842 [info] > git config --get commit.template [7ms]
2024-04-10 11:59:09.844 [info] > git for-each-ref --format=%(refname)%00%(upstream:short)%00%(objectname)%00%(upstream:track)%00%(upstream:remotename)%00%(upstream:remoteref) refs/heads/master refs/remotes/master [3ms]
2024-04-10 11:59:09.874 [info] > git status -z -uall [23ms]
2024-04-10 11:59:14.910 [info] > git config --get commit.template [7ms]
2024-04-10 11:59:14.912 [info] > git for-each-ref --format=%(refname)%00%(upstream:short)%00%(objectname)%00%(upstream:track)%00%(upstream:remotename)%00%(upstream:remoteref) refs/heads/master refs/remotes/master [3ms]
2024-04-10 11:59:14.941 [info] > git status -z -uall [23ms]
2024-04-10 11:59:19.980 [info] > git config --get commit.template [8ms]
2024-04-10 11:59:19.982 [info] > git for-each-ref --format=%(refname)%00%(upstream:short)%00%(objectname)%00%(upstream:track)%00%(upstream:remotename)%00%(upstream:remoteref) refs/heads/master refs/remotes/master [3ms]
2024-04-10 11:59:20.012 [info] > git status -z -uall [25ms]
2024-04-10 11:59:25.050 [info] > git config --get commit.template [8ms]
2024-04-10 11:59:25.052 [info] > git for-each-ref --format=%(refname)%00%(upstream:short)%00%(objectname)%00%(upstream:track)%00%(upstream:remotename)%00%(upstream:remoteref) refs/heads/master refs/remotes/master [3ms]
2024-04-10 11:59:25.082 [info] > git status -z -uall [24ms]
2024-04-10 11:59:30.122 [info] > git config --get commit.template [6ms]
2024-04-10 11:59:30.124 [info] > git for-each-ref --format=%(refname)%00%(upstream:short)%00%(objectname)%00%(upstream:track)%00%(upstream:remotename)%00%(upstream:remoteref) refs/heads/master refs/remotes/master [2ms]
2024-04-10 11:59:30.152 [info] > git status -z -uall [23ms]
2024-04-10 11:59:35.189 [info] > git config --get commit.template [7ms]
2024-04-10 11:59:35.191 [info] > git for-each-ref --format=%(refname)%00%(upstream:short)%00%(objectname)%00%(upstream:track)%00%(upstream:remotename)%00%(upstream:remoteref) refs/heads/master refs/remotes/master [2ms]
2024-04-10 11:59:35.220 [info] > git status -z -uall [24ms]
2024-04-10 11:59:40.257 [info] > git config --get commit.template [8ms]
2024-04-10 11:59:40.259 [info] > git for-each-ref --format=%(refname)%00%(upstream:short)%00%(objectname)%00%(upstream:track)%00%(upstream:remotename)%00%(upstream:remoteref) refs/heads/master refs/remotes/master [4ms]
2024-04-10 11:59:40.288 [info] > git status -z -uall [24ms]
2024-04-10 11:59:45.333 [info] > git config --get commit.template [7ms]
2024-04-10 11:59:45.335 [info] > git for-each-ref --format=%(refname)%00%(upstream:short)%00%(objectname)%00%(upstream:track)%00%(upstream:remotename)%00%(upstream:remoteref) refs/heads/master refs/remotes/master [3ms]
2024-04-10 11:59:45.363 [info] > git status -z -uall [23ms]
2024-04-10 11:59:50.400 [info] > git config --get commit.template [7ms]
2024-04-10 11:59:50.402 [info] > git for-each-ref --format=%(refname)%00%(upstream:short)%00%(objectname)%00%(upstream:track)%00%(upstream:remotename)%00%(upstream:remoteref) refs/heads/master refs/remotes/master [3ms]
2024-04-10 11:59:50.430 [info] > git status -z -uall [23ms]
2024-04-10 11:59:55.466 [info] > git config --get commit.template [7ms]
2024-04-10 11:59:55.468 [info] > git for-each-ref --format=%(refname)%00%(upstream:short)%00%(objectname)%00%(upstream:track)%00%(upstream:remotename)%00%(upstream:remoteref) refs/heads/master refs/remotes/master [3ms]
2024-04-10 11:59:55.497 [info] > git status -z -uall [24ms]
2024-04-10 12:00:00.535 [info] > git config --get commit.template [9ms]
2024-04-10 12:00:00.537 [info] > git for-each-ref --format=%(refname)%00%(upstream:short)%00%(objectname)%00%(upstream:track)%00%(upstream:remotename)%00%(upstream:remoteref) refs/heads/master refs/remotes/master [3ms]
2024-04-10 12:00:00.567 [info] > git status -z -uall [24ms]
2024-04-10 12:00:05.602 [info] > git config --get commit.template [7ms]
2024-04-10 12:00:05.604 [info] > git for-each-ref --format=%(refname)%00%(upstream:short)%00%(objectname)%00%(upstream:track)%00%(upstream:remotename)%00%(upstream:remoteref) refs/heads/master refs/remotes/master [2ms]
2024-04-10 12:00:05.633 [info] > git status -z -uall [23ms]
2024-04-10 12:00:10.673 [info] > git config --get commit.template [7ms]
2024-04-10 12:00:10.675 [info] > git for-each-ref --format=%(refname)%00%(upstream:short)%00%(objectname)%00%(upstream:track)%00%(upstream:remotename)%00%(upstream:remoteref) refs/heads/master refs/remotes/master [3ms]
2024-04-10 12:00:10.705 [info] > git status -z -uall [24ms]
2024-04-10 12:00:15.744 [info] > git config --get commit.template [8ms]
2024-04-10 12:00:15.746 [info] > git for-each-ref --format=%(refname)%00%(upstream:short)%00%(objectname)%00%(upstream:track)%00%(upstream:remotename)%00%(upstream:remoteref) refs/heads/master refs/remotes/master [3ms]
2024-04-10 12:00:15.777 [info] > git status -z -uall [23ms]
2024-04-10 12:00:20.814 [info] > git config --get commit.template [8ms]
2024-04-10 12:00:20.817 [info] > git for-each-ref --format=%(refname)%00%(upstream:short)%00%(objectname)%00%(upstream:track)%00%(upstream:remotename)%00%(upstream:remoteref) refs/heads/master refs/remotes/master [2ms]
2024-04-10 12:00:20.848 [info] > git status -z -uall [24ms]
2024-04-10 12:00:25.884 [info] > git config --get commit.template [7ms]
2024-04-10 12:00:25.886 [info] > git for-each-ref --format=%(refname)%00%(upstream:short)%00%(objectname)%00%(upstream:track)%00%(upstream:remotename)%00%(upstream:remoteref) refs/heads/master refs/remotes/master [2ms]
2024-04-10 12:00:25.916 [info] > git status -z -uall [24ms]
2024-04-10 12:00:30.955 [info] > git config --get commit.template [9ms]
2024-04-10 12:00:30.957 [info] > git for-each-ref --format=%(refname)%00%(upstream:short)%00%(objectname)%00%(upstream:track)%00%(upstream:remotename)%00%(upstream:remoteref) refs/heads/master refs/remotes/master [4ms]
2024-04-10 12:00:30.988 [info] > git status -z -uall [24ms]
2024-04-10 12:00:36.027 [info] > git config --get commit.template [9ms]
2024-04-10 12:00:36.029 [info] > git for-each-ref --format=%(refname)%00%(upstream:short)%00%(objectname)%00%(upstream:track)%00%(upstream:remotename)%00%(upstream:remoteref) refs/heads/master refs/remotes/master [4ms]
2024-04-10 12:00:36.060 [info] > git status -z -uall [25ms]
2024-04-10 12:00:41.108 [info] > git config --get commit.template [9ms]
2024-04-10 12:00:41.112 [info] > git for-each-ref --format=%(refname)%00%(upstream:short)%00%(objectname)%00%(upstream:track)%00%(upstream:remotename)%00%(upstream:remoteref) refs/heads/master refs/remotes/master [4ms]
2024-04-10 12:00:41.143 [info] > git status -z -uall [24ms]
2024-04-10 12:00:46.181 [info] > git config --get commit.template [7ms]
2024-04-10 12:00:46.183 [info] > git for-each-ref --format=%(refname)%00%(upstream:short)%00%(objectname)%00%(upstream:track)%00%(upstream:remotename)%00%(upstream:remoteref) refs/heads/master refs/remotes/master [3ms]
2024-04-10 12:00:46.217 [info] > git status -z -uall [26ms]
2024-04-10 12:00:51.253 [info] > git config --get commit.template [8ms]
2024-04-10 12:00:51.255 [info] > git for-each-ref --format=%(refname)%00%(upstream:short)%00%(objectname)%00%(upstream:track)%00%(upstream:remotename)%00%(upstream:remoteref) refs/heads/master refs/remotes/master [4ms]
2024-04-10 12:00:51.287 [info] > git status -z -uall [26ms]
2024-04-10 12:00:56.324 [info] > git config --get commit.template [6ms]
2024-04-10 12:00:56.326 [info] > git for-each-ref --format=%(refname)%00%(upstream:short)%00%(objectname)%00%(upstream:track)%00%(upstream:remotename)%00%(upstream:remoteref) refs/heads/master refs/remotes/master [2ms]
2024-04-10 12:00:56.355 [info] > git status -z -uall [24ms]
2024-04-10 12:01:01.393 [info] > git config --get commit.template [9ms]
2024-04-10 12:01:01.395 [info] > git for-each-ref --format=%(refname)%00%(upstream:short)%00%(objectname)%00%(upstream:track)%00%(upstream:remotename)%00%(upstream:remoteref) refs/heads/master refs/remotes/master [3ms]
2024-04-10 12:01:01.429 [info] > git status -z -uall [28ms]
2024-04-10 12:01:06.466 [info] > git config --get commit.template [7ms]
2024-04-10 12:01:06.468 [info] > git for-each-ref --format=%(refname)%00%(upstream:short)%00%(objectname)%00%(upstream:track)%00%(upstream:remotename)%00%(upstream:remoteref) refs/heads/master refs/remotes/master [3ms]
2024-04-10 12:01:06.500 [info] > git status -z -uall [26ms]
2024-04-10 12:01:11.535 [info] > git config --get commit.template [7ms]
2024-04-10 12:01:11.539 [info] > git for-each-ref --format=%(refname)%00%(upstream:short)%00%(objectname)%00%(upstream:track)%00%(upstream:remotename)%00%(upstream:remoteref) refs/heads/master refs/remotes/master [4ms]
2024-04-10 12:01:11.572 [info] > git status -z -uall [28ms]
2024-04-10 12:01:16.609 [info] > git config --get commit.template [7ms]
2024-04-10 12:01:16.611 [info] > git for-each-ref --format=%(refname)%00%(upstream:short)%00%(objectname)%00%(upstream:track)%00%(upstream:remotename)%00%(upstream:remoteref) refs/heads/master refs/remotes/master [3ms]
2024-04-10 12:01:16.640 [info] > git status -z -uall [24ms]
2024-04-10 12:01:21.675 [info] > git config --get commit.template [7ms]
2024-04-10 12:01:21.677 [info] > git for-each-ref --format=%(refname)%00%(upstream:short)%00%(objectname)%00%(upstream:track)%00%(upstream:remotename)%00%(upstream:remoteref) refs/heads/master refs/remotes/master [3ms]
2024-04-10 12:01:21.707 [info] > git status -z -uall [25ms]
2024-04-10 12:01:26.743 [info] > git config --get commit.template [7ms]
2024-04-10 12:01:26.745 [info] > git for-each-ref --format=%(refname)%00%(upstream:short)%00%(objectname)%00%(upstream:track)%00%(upstream:remotename)%00%(upstream:remoteref) refs/heads/master refs/remotes/master [3ms]
2024-04-10 12:01:26.782 [info] > git status -z -uall [25ms]
2024-04-10 12:01:31.821 [info] > git config --get commit.template [8ms]
2024-04-10 12:01:31.823 [info] > git for-each-ref --format=%(refname)%00%(upstream:short)%00%(objectname)%00%(upstream:track)%00%(upstream:remotename)%00%(upstream:remoteref) refs/heads/master refs/remotes/master [3ms]
2024-04-10 12:01:31.852 [info] > git status -z -uall [24ms]
2024-04-10 12:01:36.896 [info] > git config --get commit.template [7ms]
2024-04-10 12:01:36.900 [info] > git for-each-ref --format=%(refname)%00%(upstream:short)%00%(objectname)%00%(upstream:track)%00%(upstream:remotename)%00%(upstream:remoteref) refs/heads/master refs/remotes/master [5ms]
2024-04-10 12:01:36.928 [info] > git status -z -uall [23ms]
2024-04-10 12:01:41.965 [info] > git config --get commit.template [7ms]
2024-04-10 12:01:41.967 [info] > git for-each-ref --format=%(refname)%00%(upstream:short)%00%(objectname)%00%(upstream:track)%00%(upstream:remotename)%00%(upstream:remoteref) refs/heads/master refs/remotes/master [3ms]
2024-04-10 12:01:41.996 [info] > git status -z -uall [24ms]
2024-04-10 12:01:47.033 [info] > git config --get commit.template [7ms]
2024-04-10 12:01:47.035 [info] > git for-each-ref --format=%(refname)%00%(upstream:short)%00%(objectname)%00%(upstream:track)%00%(upstream:remotename)%00%(upstream:remoteref) refs/heads/master refs/remotes/master [3ms]
2024-04-10 12:01:47.064 [info] > git status -z -uall [24ms]
2024-04-10 12:01:52.107 [info] > git config --get commit.template [7ms]
2024-04-10 12:01:52.117 [info] > git for-each-ref --format=%(refname)%00%(upstream:short)%00%(objectname)%00%(upstream:track)%00%(upstream:remotename)%00%(upstream:remoteref) refs/heads/master refs/remotes/master [10ms]
2024-04-10 12:01:52.147 [info] > git status -z -uall [23ms]
2024-04-10 12:01:57.184 [info] > git config --get commit.template [7ms]
2024-04-10 12:01:57.186 [info] > git for-each-ref --format=%(refname)%00%(upstream:short)%00%(objectname)%00%(upstream:track)%00%(upstream:remotename)%00%(upstream:remoteref) refs/heads/master refs/remotes/master [3ms]
2024-04-10 12:01:57.214 [info] > git status -z -uall [23ms]
2024-04-10 12:02:02.252 [info] > git config --get commit.template [7ms]
2024-04-10 12:02:02.254 [info] > git for-each-ref --format=%(refname)%00%(upstream:short)%00%(objectname)%00%(upstream:track)%00%(upstream:remotename)%00%(upstream:remoteref) refs/heads/master refs/remotes/master [3ms]
2024-04-10 12:02:02.287 [info] > git status -z -uall [27ms]
2024-04-10 12:02:07.332 [info] > git config --get commit.template [7ms]
2024-04-10 12:02:07.334 [info] > git for-each-ref --format=%(refname)%00%(upstream:short)%00%(objectname)%00%(upstream:track)%00%(upstream:remotename)%00%(upstream:remoteref) refs/heads/master refs/remotes/master [3ms]
2024-04-10 12:02:07.364 [info] > git status -z -uall [25ms]
2024-04-10 12:02:12.399 [info] > git config --get commit.template [6ms]
2024-04-10 12:02:12.401 [info] > git for-each-ref --format=%(refname)%00%(upstream:short)%00%(objectname)%00%(upstream:track)%00%(upstream:remotename)%00%(upstream:remoteref) refs/heads/master refs/remotes/master [3ms]
2024-04-10 12:02:12.429 [info] > git status -z -uall [23ms]
2024-04-10 12:02:17.471 [info] > git config --get commit.template [10ms]
2024-04-10 12:02:17.473 [info] > git for-each-ref --format=%(refname)%00%(upstream:short)%00%(objectname)%00%(upstream:track)%00%(upstream:remotename)%00%(upstream:remoteref) refs/heads/master refs/remotes/master [3ms]
2024-04-10 12:02:17.504 [info] > git status -z -uall [26ms]
2024-04-10 12:02:22.540 [info] > git config --get commit.template [6ms]
2024-04-10 12:02:22.542 [info] > git for-each-ref --format=%(refname)%00%(upstream:short)%00%(objectname)%00%(upstream:track)%00%(upstream:remotename)%00%(upstream:remoteref) refs/heads/master refs/remotes/master [2ms]
2024-04-10 12:02:22.572 [info] > git status -z -uall [25ms]
2024-04-10 12:02:27.608 [info] > git config --get commit.template [6ms]
2024-04-10 12:02:27.610 [info] > git for-each-ref --format=%(refname)%00%(upstream:short)%00%(objectname)%00%(upstream:track)%00%(upstream:remotename)%00%(upstream:remoteref) refs/heads/master refs/remotes/master [3ms]
2024-04-10 12:02:27.639 [info] > git status -z -uall [24ms]
2024-04-10 12:02:32.676 [info] > git config --get commit.template [7ms]
2024-04-10 12:02:32.678 [info] > git for-each-ref --format=%(refname)%00%(upstream:short)%00%(objectname)%00%(upstream:track)%00%(upstream:remotename)%00%(upstream:remoteref) refs/heads/master refs/remotes/master [3ms]
2024-04-10 12:02:32.706 [info] > git status -z -uall [23ms]
2024-04-10 12:03:54.549 [info] > git config --get commit.template [6ms]
2024-04-10 12:03:54.551 [info] > git for-each-ref --format=%(refname)%00%(upstream:short)%00%(objectname)%00%(upstream:track)%00%(upstream:remotename)%00%(upstream:remoteref) refs/heads/master refs/remotes/master [3ms]
2024-04-10 12:03:54.581 [info] > git status -z -uall [26ms]
2024-04-10 12:03:59.626 [info] > git config --get commit.template [7ms]
2024-04-10 12:03:59.628 [info] > git for-each-ref --format=%(refname)%00%(upstream:short)%00%(objectname)%00%(upstream:track)%00%(upstream:remotename)%00%(upstream:remoteref) refs/heads/master refs/remotes/master [3ms]
2024-04-10 12:03:59.660 [info] > git status -z -uall [27ms]
2024-04-10 12:04:04.709 [info] > git config --get commit.template [13ms]
2024-04-10 12:04:04.711 [info] > git for-each-ref --format=%(refname)%00%(upstream:short)%00%(objectname)%00%(upstream:track)%00%(upstream:remotename)%00%(upstream:remoteref) refs/heads/master refs/remotes/master [3ms]
2024-04-10 12:04:04.740 [info] > git status -z -uall [24ms]
2024-04-10 12:04:09.785 [info] > git config --get commit.template [7ms]
2024-04-10 12:04:09.787 [info] > git for-each-ref --format=%(refname)%00%(upstream:short)%00%(objectname)%00%(upstream:track)%00%(upstream:remotename)%00%(upstream:remoteref) refs/heads/master refs/remotes/master [3ms]
2024-04-10 12:04:09.824 [info] > git status -z -uall [31ms]
2024-04-10 12:04:14.860 [info] > git config --get commit.template [7ms]
2024-04-10 12:04:14.862 [info] > git for-each-ref --format=%(refname)%00%(upstream:short)%00%(objectname)%00%(upstream:track)%00%(upstream:remotename)%00%(upstream:remoteref) refs/heads/master refs/remotes/master [3ms]
2024-04-10 12:04:14.897 [info] > git status -z -uall [29ms]
2024-04-10 12:04:19.932 [info] > git config --get commit.template [7ms]
2024-04-10 12:04:19.934 [info] > git for-each-ref --format=%(refname)%00%(upstream:short)%00%(objectname)%00%(upstream:track)%00%(upstream:remotename)%00%(upstream:remoteref) refs/heads/master refs/remotes/master [3ms]
2024-04-10 12:04:19.963 [info] > git status -z -uall [24ms]
2024-04-10 12:04:25.001 [info] > git config --get commit.template [7ms]
2024-04-10 12:04:25.003 [info] > git for-each-ref --format=%(refname)%00%(upstream:short)%00%(objectname)%00%(upstream:track)%00%(upstream:remotename)%00%(upstream:remoteref) refs/heads/master refs/remotes/master [3ms]
2024-04-10 12:04:25.035 [info] > git status -z -uall [25ms]
2024-04-10 12:04:30.084 [info] > git config --get commit.template [8ms]
2024-04-10 12:04:30.086 [info] > git for-each-ref --format=%(refname)%00%(upstream:short)%00%(objectname)%00%(upstream:track)%00%(upstream:remotename)%00%(upstream:remoteref) refs/heads/master refs/remotes/master [3ms]
2024-04-10 12:04:30.115 [info] > git status -z -uall [24ms]
2024-04-10 12:04:35.153 [info] > git config --get commit.template [7ms]
2024-04-10 12:04:35.155 [info] > git for-each-ref --format=%(refname)%00%(upstream:short)%00%(objectname)%00%(upstream:track)%00%(upstream:remotename)%00%(upstream:remoteref) refs/heads/master refs/remotes/master [3ms]
2024-04-10 12:04:35.184 [info] > git status -z -uall [24ms]
2024-04-10 12:04:45.759 [info] > git config --get commit.template [6ms]
2024-04-10 12:04:45.761 [info] > git for-each-ref --format=%(refname)%00%(upstream:short)%00%(objectname)%00%(upstream:track)%00%(upstream:remotename)%00%(upstream:remoteref) refs/heads/master refs/remotes/master [3ms]
2024-04-10 12:04:45.793 [info] > git status -z -uall [27ms]
2024-04-10 12:04:51.248 [info] > git config --get commit.template [7ms]
2024-04-10 12:04:51.250 [info] > git for-each-ref --format=%(refname)%00%(upstream:short)%00%(objectname)%00%(upstream:track)%00%(upstream:remotename)%00%(upstream:remoteref) refs/heads/master refs/remotes/master [3ms]
2024-04-10 12:04:51.280 [info] > git status -z -uall [24ms]
2024-04-10 12:04:56.324 [info] > git config --get commit.template [7ms]
2024-04-10 12:04:56.326 [info] > git for-each-ref --format=%(refname)%00%(upstream:short)%00%(objectname)%00%(upstream:track)%00%(upstream:remotename)%00%(upstream:remoteref) refs/heads/master refs/remotes/master [3ms]
2024-04-10 12:04:56.360 [info] > git status -z -uall [29ms]
2024-04-10 12:05:01.396 [info] > git config --get commit.template [7ms]
2024-04-10 12:05:01.398 [info] > git for-each-ref --format=%(refname)%00%(upstream:short)%00%(objectname)%00%(upstream:track)%00%(upstream:remotename)%00%(upstream:remoteref) refs/heads/master refs/remotes/master [3ms]
2024-04-10 12:05:01.429 [info] > git status -z -uall [26ms]
2024-04-10 12:05:20.199 [info] > git config --get commit.template [6ms]
2024-04-10 12:05:20.201 [info] > git for-each-ref --format=%(refname)%00%(upstream:short)%00%(objectname)%00%(upstream:track)%00%(upstream:remotename)%00%(upstream:remoteref) refs/heads/master refs/remotes/master [2ms]
2024-04-10 12:05:20.231 [info] > git status -z -uall [25ms]
2024-04-10 12:05:25.279 [info] > git config --get commit.template [7ms]
2024-04-10 12:05:25.281 [info] > git for-each-ref --format=%(refname)%00%(upstream:short)%00%(objectname)%00%(upstream:track)%00%(upstream:remotename)%00%(upstream:remoteref) refs/heads/master refs/remotes/master [3ms]
2024-04-10 12:05:25.311 [info] > git status -z -uall [25ms]
2024-04-10 12:05:30.349 [info] > git config --get commit.template [6ms]
2024-04-10 12:05:30.351 [info] > git for-each-ref --format=%(refname)%00%(upstream:short)%00%(objectname)%00%(upstream:track)%00%(upstream:remotename)%00%(upstream:remoteref) refs/heads/master refs/remotes/master [3ms]
2024-04-10 12:05:30.384 [info] > git status -z -uall [28ms]
2024-04-10 12:05:43.130 [info] > git config --get commit.template [7ms]
2024-04-10 12:05:43.145 [info] > git for-each-ref --format=%(refname)%00%(upstream:short)%00%(objectname)%00%(upstream:track)%00%(upstream:remotename)%00%(upstream:remoteref) refs/heads/master refs/remotes/master [16ms]
2024-04-10 12:05:43.175 [info] > git status -z -uall [24ms]
2024-04-10 12:05:48.226 [info] > git config --get commit.template [6ms]
2024-04-10 12:05:48.228 [info] > git for-each-ref --format=%(refname)%00%(upstream:short)%00%(objectname)%00%(upstream:track)%00%(upstream:remotename)%00%(upstream:remoteref) refs/heads/master refs/remotes/master [2ms]
2024-04-10 12:05:48.257 [info] > git status -z -uall [24ms]
2024-04-10 12:06:13.511 [info] > git config --get commit.template [6ms]
2024-04-10 12:06:13.513 [info] > git for-each-ref --format=%(refname)%00%(upstream:short)%00%(objectname)%00%(upstream:track)%00%(upstream:remotename)%00%(upstream:remoteref) refs/heads/master refs/remotes/master [3ms]
2024-04-10 12:06:13.545 [info] > git status -z -uall [27ms]
2024-04-10 12:06:18.589 [info] > git config --get commit.template [6ms]
2024-04-10 12:06:18.591 [info] > git for-each-ref --format=%(refname)%00%(upstream:short)%00%(objectname)%00%(upstream:track)%00%(upstream:remotename)%00%(upstream:remoteref) refs/heads/master refs/remotes/master [3ms]
2024-04-10 12:06:18.619 [info] > git status -z -uall [23ms]
2024-04-10 12:09:01.600 [info] > git config --get commit.template [7ms]
2024-04-10 12:09:01.602 [info] > git for-each-ref --format=%(refname)%00%(upstream:short)%00%(objectname)%00%(upstream:track)%00%(upstream:remotename)%00%(upstream:remoteref) refs/heads/master refs/remotes/master [3ms]
2024-04-10 12:09:01.632 [info] > git status -z -uall [26ms]
2024-04-10 12:09:06.676 [info] > git config --get commit.template [6ms]
2024-04-10 12:09:06.678 [info] > git for-each-ref --format=%(refname)%00%(upstream:short)%00%(objectname)%00%(upstream:track)%00%(upstream:remotename)%00%(upstream:remoteref) refs/heads/master refs/remotes/master [2ms]
2024-04-10 12:09:06.713 [info] > git status -z -uall [29ms]
