2024-04-11 13:02:09.323 [info] Extension host with pid 10251 started
2024-04-11 13:02:09.342 [info] Lock '/home/ec2-user/.vscode-server/data/User/workspaceStorage/c4530bd3e42c2d536bde2f4575cbfbbc/vscode.lock': Lock acquired.
2024-04-11 13:02:18.180 [info] ExtensionService#_doActivateExtension vscode.emmet, startup: false, activationEvent: 'onLanguage'
2024-04-11 13:02:18.182 [info] ExtensionService#_doActivateExtension redhat.vscode-yaml, startup: false, activationEvent: 'onLanguage:yaml', root cause: ms-kubernetes-tools.vscode-kubernetes-tools
2024-04-11 13:02:18.792 [info] ExtensionService#_doActivateExtension ms-kubernetes-tools.vscode-kubernetes-tools, startup: false, activationEvent: 'onLanguage:yaml'
2024-04-11 13:02:19.397 [info] ExtensionService#_doActivateExtension vscode.git-base, startup: true, activationEvent: '*', root cause: vscode.git
2024-04-11 13:02:19.882 [warning] [redhat.vscode-yaml] Accessing a resource scoped configuration without providing a resource is not expected. To get the effective value for '[yaml]', provide the URI of a resource or 'null' for any resource.
2024-04-11 13:02:19.899 [warning] [redhat.vscode-yaml] Accessing a resource scoped configuration without providing a resource is not expected. To get the effective value for '[yaml]', provide the URI of a resource or 'null' for any resource.
2024-04-11 13:02:21.175 [info] ExtensionService#_doActivateExtension vscode.git, startup: true, activationEvent: '*'
2024-04-11 13:02:21.176 [info] ExtensionService#_doActivateExtension vscode.github, startup: true, activationEvent: '*'
2024-04-11 13:02:24.101 [info] Eager extensions activated
2024-04-11 13:02:24.101 [info] ExtensionService#_doActivateExtension vscode.debug-auto-launch, startup: false, activationEvent: 'onStartupFinished'
2024-04-11 13:02:24.102 [info] ExtensionService#_doActivateExtension vscode.merge-conflict, startup: false, activationEvent: 'onStartupFinished'
2024-04-11 13:02:24.426 [warning] [Decorations] CAPPING events from decorations provider vscode.git 1357
2024-04-11 13:02:25.024 [warning] [Decorations] CAPPING events from decorations provider vscode.git 1357
2024-04-11 13:07:37.602 [info] Extension host terminating: renderer disconnected for too long (2)
2024-04-11 13:07:37.604 [info] Lock '/home/ec2-user/.vscode-server/data/User/workspaceStorage/c4530bd3e42c2d536bde2f4575cbfbbc/vscode.lock': Marking the lockfile as scheduled to be released in 6000 ms.
2024-04-11 13:07:37.645 [error] Canceled: Canceled
	at Object.P [as $6] (/home/ec2-user/.vscode-server/cli/servers/Stable-5c3e652f63e798a5ac2f31ffd0d863669328dc4c/server/out/vs/workbench/api/node/extensionHostProcess.js:10:967)
	at /home/ec2-user/.vscode-server/cli/servers/Stable-5c3e652f63e798a5ac2f31ffd0d863669328dc4c/server/out/vs/workbench/api/node/extensionHostProcess.js:151:2335
	at Array.forEach (<anonymous>)
	at h.dispose (/home/ec2-user/.vscode-server/cli/servers/Stable-5c3e652f63e798a5ac2f31ffd0d863669328dc4c/server/out/vs/workbench/api/node/extensionHostProcess.js:151:2273)
	at g.terminate (/home/ec2-user/.vscode-server/cli/servers/Stable-5c3e652f63e798a5ac2f31ffd0d863669328dc4c/server/out/vs/workbench/api/node/extensionHostProcess.js:160:8053)
	at a.terminate (/home/ec2-user/.vscode-server/cli/servers/Stable-5c3e652f63e798a5ac2f31ffd0d863669328dc4c/server/out/vs/workbench/api/node/extensionHostProcess.js:164:1513)
	at t (/home/ec2-user/.vscode-server/cli/servers/Stable-5c3e652f63e798a5ac2f31ffd0d863669328dc4c/server/out/vs/workbench/api/node/extensionHostProcess.js:177:9917)
	at j.a (/home/ec2-user/.vscode-server/cli/servers/Stable-5c3e652f63e798a5ac2f31ffd0d863669328dc4c/server/out/vs/workbench/api/node/extensionHostProcess.js:177:6710)
	at j.h (/home/ec2-user/.vscode-server/cli/servers/Stable-5c3e652f63e798a5ac2f31ffd0d863669328dc4c/server/out/vs/workbench/api/node/extensionHostProcess.js:99:20622)
	at listOnTimeout (node:internal/timers:569:17)
	at process.processTimers (node:internal/timers:512:7) setContext undefined
2024-04-11 13:07:37.646 [error] Canceled: Canceled
	at Object.P [as $6] (/home/ec2-user/.vscode-server/cli/servers/Stable-5c3e652f63e798a5ac2f31ffd0d863669328dc4c/server/out/vs/workbench/api/node/extensionHostProcess.js:10:967)
	at /home/ec2-user/.vscode-server/cli/servers/Stable-5c3e652f63e798a5ac2f31ffd0d863669328dc4c/server/out/vs/workbench/api/node/extensionHostProcess.js:151:2335
	at Array.forEach (<anonymous>)
	at h.dispose (/home/ec2-user/.vscode-server/cli/servers/Stable-5c3e652f63e798a5ac2f31ffd0d863669328dc4c/server/out/vs/workbench/api/node/extensionHostProcess.js:151:2273)
	at g.terminate (/home/ec2-user/.vscode-server/cli/servers/Stable-5c3e652f63e798a5ac2f31ffd0d863669328dc4c/server/out/vs/workbench/api/node/extensionHostProcess.js:160:8053)
	at a.terminate (/home/ec2-user/.vscode-server/cli/servers/Stable-5c3e652f63e798a5ac2f31ffd0d863669328dc4c/server/out/vs/workbench/api/node/extensionHostProcess.js:164:1513)
	at t (/home/ec2-user/.vscode-server/cli/servers/Stable-5c3e652f63e798a5ac2f31ffd0d863669328dc4c/server/out/vs/workbench/api/node/extensionHostProcess.js:177:9917)
	at j.a (/home/ec2-user/.vscode-server/cli/servers/Stable-5c3e652f63e798a5ac2f31ffd0d863669328dc4c/server/out/vs/workbench/api/node/extensionHostProcess.js:177:6710)
	at j.h (/home/ec2-user/.vscode-server/cli/servers/Stable-5c3e652f63e798a5ac2f31ffd0d863669328dc4c/server/out/vs/workbench/api/node/extensionHostProcess.js:99:20622)
	at listOnTimeout (node:internal/timers:569:17)
	at process.processTimers (node:internal/timers:512:7) setContext undefined
2024-04-11 13:07:37.646 [error] Canceled: Canceled
	at new O (/home/ec2-user/.vscode-server/cli/servers/Stable-5c3e652f63e798a5ac2f31ffd0d863669328dc4c/server/out/vs/workbench/api/node/extensionHostProcess.js:144:46998)
	at h.U (/home/ec2-user/.vscode-server/cli/servers/Stable-5c3e652f63e798a5ac2f31ffd0d863669328dc4c/server/out/vs/workbench/api/node/extensionHostProcess.js:151:5539)
	at F.<computed>.T.charCodeAt.F.<computed> (/home/ec2-user/.vscode-server/cli/servers/Stable-5c3e652f63e798a5ac2f31ffd0d863669328dc4c/server/out/vs/workbench/api/node/extensionHostProcess.js:151:2993)
	at d.g (/home/ec2-user/.vscode-server/cli/servers/Stable-5c3e652f63e798a5ac2f31ffd0d863669328dc4c/server/out/vs/workbench/api/node/extensionHostProcess.js:154:186335)
	at d.executeCommand (/home/ec2-user/.vscode-server/cli/servers/Stable-5c3e652f63e798a5ac2f31ffd0d863669328dc4c/server/out/vs/workbench/api/node/extensionHostProcess.js:154:185773)
	at E.registerCommand.description (/home/ec2-user/.vscode-server/cli/servers/Stable-5c3e652f63e798a5ac2f31ffd0d863669328dc4c/server/out/vs/workbench/api/node/extensionHostProcess.js:154:185097)
	at d.h (/home/ec2-user/.vscode-server/cli/servers/Stable-5c3e652f63e798a5ac2f31ffd0d863669328dc4c/server/out/vs/workbench/api/node/extensionHostProcess.js:154:186874)
	at d.g (/home/ec2-user/.vscode-server/cli/servers/Stable-5c3e652f63e798a5ac2f31ffd0d863669328dc4c/server/out/vs/workbench/api/node/extensionHostProcess.js:154:185866)
	at d.executeCommand (/home/ec2-user/.vscode-server/cli/servers/Stable-5c3e652f63e798a5ac2f31ffd0d863669328dc4c/server/out/vs/workbench/api/node/extensionHostProcess.js:154:185773)
	at Object.executeCommand (/home/ec2-user/.vscode-server/cli/servers/Stable-5c3e652f63e798a5ac2f31ffd0d863669328dc4c/server/out/vs/workbench/api/node/extensionHostProcess.js:164:22984)
	at a.O [as value] (/home/ec2-user/.vscode-server/cli/servers/Stable-5c3e652f63e798a5ac2f31ffd0d863669328dc4c/server/extensions/git/dist/main.js:2:945802)
	at s.y (/home/ec2-user/.vscode-server/cli/servers/Stable-5c3e652f63e798a5ac2f31ffd0d863669328dc4c/server/out/vs/workbench/api/node/extensionHostProcess.js:82:659)
	at s.z (/home/ec2-user/.vscode-server/cli/servers/Stable-5c3e652f63e798a5ac2f31ffd0d863669328dc4c/server/out/vs/workbench/api/node/extensionHostProcess.js:82:729)
	at s.fire (/home/ec2-user/.vscode-server/cli/servers/Stable-5c3e652f63e798a5ac2f31ffd0d863669328dc4c/server/out/vs/workbench/api/node/extensionHostProcess.js:82:945)
	at Object.m [as dispose] (/home/ec2-user/.vscode-server/cli/servers/Stable-5c3e652f63e798a5ac2f31ffd0d863669328dc4c/server/extensions/git/dist/main.js:2:964886)
	at /home/ec2-user/.vscode-server/cli/servers/Stable-5c3e652f63e798a5ac2f31ffd0d863669328dc4c/server/extensions/git/dist/main.js:2:970920
	at Array.forEach (<anonymous>)
	at f.dispose (/home/ec2-user/.vscode-server/cli/servers/Stable-5c3e652f63e798a5ac2f31ffd0d863669328dc4c/server/extensions/git/dist/main.js:2:970906)
	at o.<anonymous> (/home/ec2-user/.vscode-server/cli/servers/Stable-5c3e652f63e798a5ac2f31ffd0d863669328dc4c/server/out/vs/workbench/api/node/extensionHostProcess.js:152:3830)
	at o.dispose (/home/ec2-user/.vscode-server/cli/servers/Stable-5c3e652f63e798a5ac2f31ffd0d863669328dc4c/server/out/vs/workbench/api/node/extensionHostProcess.js:152:3927)
	at o.<anonymous> (/home/ec2-user/.vscode-server/cli/servers/Stable-5c3e652f63e798a5ac2f31ffd0d863669328dc4c/server/extensions/git/dist/main.js:2:948059)
	at o.dispose (/home/ec2-user/.vscode-server/cli/servers/Stable-5c3e652f63e798a5ac2f31ffd0d863669328dc4c/server/out/vs/workbench/api/node/extensionHostProcess.js:152:3927)
	at a (/home/ec2-user/.vscode-server/cli/servers/Stable-5c3e652f63e798a5ac2f31ffd0d863669328dc4c/server/out/vs/workbench/api/node/extensionHostProcess.js:30:714)
	at g.eb (/home/ec2-user/.vscode-server/cli/servers/Stable-5c3e652f63e798a5ac2f31ffd0d863669328dc4c/server/out/vs/workbench/api/node/extensionHostProcess.js:160:9967)
	at /home/ec2-user/.vscode-server/cli/servers/Stable-5c3e652f63e798a5ac2f31ffd0d863669328dc4c/server/out/vs/workbench/api/node/extensionHostProcess.js:160:7816
	at Array.map (<anonymous>)
	at g.$ (/home/ec2-user/.vscode-server/cli/servers/Stable-5c3e652f63e798a5ac2f31ffd0d863669328dc4c/server/out/vs/workbench/api/node/extensionHostProcess.js:160:7803)
	at g.terminate (/home/ec2-user/.vscode-server/cli/servers/Stable-5c3e652f63e798a5ac2f31ffd0d863669328dc4c/server/out/vs/workbench/api/node/extensionHostProcess.js:160:8077)
	at a.terminate (/home/ec2-user/.vscode-server/cli/servers/Stable-5c3e652f63e798a5ac2f31ffd0d863669328dc4c/server/out/vs/workbench/api/node/extensionHostProcess.js:164:1513)
	at t (/home/ec2-user/.vscode-server/cli/servers/Stable-5c3e652f63e798a5ac2f31ffd0d863669328dc4c/server/out/vs/workbench/api/node/extensionHostProcess.js:177:9917)
	at j.a (/home/ec2-user/.vscode-server/cli/servers/Stable-5c3e652f63e798a5ac2f31ffd0d863669328dc4c/server/out/vs/workbench/api/node/extensionHostProcess.js:177:6710)
	at j.h (/home/ec2-user/.vscode-server/cli/servers/Stable-5c3e652f63e798a5ac2f31ffd0d863669328dc4c/server/out/vs/workbench/api/node/extensionHostProcess.js:99:20622)
	at listOnTimeout (node:internal/timers:569:17)
	at process.processTimers (node:internal/timers:512:7) setContext undefined
2024-04-11 13:07:37.648 [error] Canceled: Canceled
	at new O (/home/ec2-user/.vscode-server/cli/servers/Stable-5c3e652f63e798a5ac2f31ffd0d863669328dc4c/server/out/vs/workbench/api/node/extensionHostProcess.js:144:46998)
	at h.U (/home/ec2-user/.vscode-server/cli/servers/Stable-5c3e652f63e798a5ac2f31ffd0d863669328dc4c/server/out/vs/workbench/api/node/extensionHostProcess.js:151:5539)
	at F.<computed>.T.charCodeAt.F.<computed> (/home/ec2-user/.vscode-server/cli/servers/Stable-5c3e652f63e798a5ac2f31ffd0d863669328dc4c/server/out/vs/workbench/api/node/extensionHostProcess.js:151:2993)
	at d.g (/home/ec2-user/.vscode-server/cli/servers/Stable-5c3e652f63e798a5ac2f31ffd0d863669328dc4c/server/out/vs/workbench/api/node/extensionHostProcess.js:154:186335)
	at d.executeCommand (/home/ec2-user/.vscode-server/cli/servers/Stable-5c3e652f63e798a5ac2f31ffd0d863669328dc4c/server/out/vs/workbench/api/node/extensionHostProcess.js:154:185773)
	at E.registerCommand.description (/home/ec2-user/.vscode-server/cli/servers/Stable-5c3e652f63e798a5ac2f31ffd0d863669328dc4c/server/out/vs/workbench/api/node/extensionHostProcess.js:154:185097)
	at d.h (/home/ec2-user/.vscode-server/cli/servers/Stable-5c3e652f63e798a5ac2f31ffd0d863669328dc4c/server/out/vs/workbench/api/node/extensionHostProcess.js:154:186874)
	at d.g (/home/ec2-user/.vscode-server/cli/servers/Stable-5c3e652f63e798a5ac2f31ffd0d863669328dc4c/server/out/vs/workbench/api/node/extensionHostProcess.js:154:185866)
	at d.executeCommand (/home/ec2-user/.vscode-server/cli/servers/Stable-5c3e652f63e798a5ac2f31ffd0d863669328dc4c/server/out/vs/workbench/api/node/extensionHostProcess.js:154:185773)
	at Object.executeCommand (/home/ec2-user/.vscode-server/cli/servers/Stable-5c3e652f63e798a5ac2f31ffd0d863669328dc4c/server/out/vs/workbench/api/node/extensionHostProcess.js:164:22984)
	at set hasGitHubRepositories [as hasGitHubRepositories] (/home/ec2-user/.vscode-server/cli/servers/Stable-5c3e652f63e798a5ac2f31ffd0d863669328dc4c/server/extensions/github/dist/extension.js:2:324866)
	at /home/ec2-user/.vscode-server/cli/servers/Stable-5c3e652f63e798a5ac2f31ffd0d863669328dc4c/server/extensions/github/dist/extension.js:2:325825
	at a.value (/home/ec2-user/.vscode-server/cli/servers/Stable-5c3e652f63e798a5ac2f31ffd0d863669328dc4c/server/extensions/git/dist/main.js:2:1051703)
	at s.y (/home/ec2-user/.vscode-server/cli/servers/Stable-5c3e652f63e798a5ac2f31ffd0d863669328dc4c/server/out/vs/workbench/api/node/extensionHostProcess.js:82:659)
	at s.z (/home/ec2-user/.vscode-server/cli/servers/Stable-5c3e652f63e798a5ac2f31ffd0d863669328dc4c/server/out/vs/workbench/api/node/extensionHostProcess.js:82:729)
	at s.fire (/home/ec2-user/.vscode-server/cli/servers/Stable-5c3e652f63e798a5ac2f31ffd0d863669328dc4c/server/out/vs/workbench/api/node/extensionHostProcess.js:82:945)
	at Object.m [as dispose] (/home/ec2-user/.vscode-server/cli/servers/Stable-5c3e652f63e798a5ac2f31ffd0d863669328dc4c/server/extensions/git/dist/main.js:2:964886)
	at /home/ec2-user/.vscode-server/cli/servers/Stable-5c3e652f63e798a5ac2f31ffd0d863669328dc4c/server/extensions/git/dist/main.js:2:970920
	at Array.forEach (<anonymous>)
	at f.dispose (/home/ec2-user/.vscode-server/cli/servers/Stable-5c3e652f63e798a5ac2f31ffd0d863669328dc4c/server/extensions/git/dist/main.js:2:970906)
	at o.<anonymous> (/home/ec2-user/.vscode-server/cli/servers/Stable-5c3e652f63e798a5ac2f31ffd0d863669328dc4c/server/out/vs/workbench/api/node/extensionHostProcess.js:152:3830)
	at o.dispose (/home/ec2-user/.vscode-server/cli/servers/Stable-5c3e652f63e798a5ac2f31ffd0d863669328dc4c/server/out/vs/workbench/api/node/extensionHostProcess.js:152:3927)
	at o.<anonymous> (/home/ec2-user/.vscode-server/cli/servers/Stable-5c3e652f63e798a5ac2f31ffd0d863669328dc4c/server/extensions/git/dist/main.js:2:948059)
	at o.dispose (/home/ec2-user/.vscode-server/cli/servers/Stable-5c3e652f63e798a5ac2f31ffd0d863669328dc4c/server/out/vs/workbench/api/node/extensionHostProcess.js:152:3927)
	at a (/home/ec2-user/.vscode-server/cli/servers/Stable-5c3e652f63e798a5ac2f31ffd0d863669328dc4c/server/out/vs/workbench/api/node/extensionHostProcess.js:30:714)
	at g.eb (/home/ec2-user/.vscode-server/cli/servers/Stable-5c3e652f63e798a5ac2f31ffd0d863669328dc4c/server/out/vs/workbench/api/node/extensionHostProcess.js:160:9967)
	at /home/ec2-user/.vscode-server/cli/servers/Stable-5c3e652f63e798a5ac2f31ffd0d863669328dc4c/server/out/vs/workbench/api/node/extensionHostProcess.js:160:7816
	at Array.map (<anonymous>)
	at g.$ (/home/ec2-user/.vscode-server/cli/servers/Stable-5c3e652f63e798a5ac2f31ffd0d863669328dc4c/server/out/vs/workbench/api/node/extensionHostProcess.js:160:7803)
	at g.terminate (/home/ec2-user/.vscode-server/cli/servers/Stable-5c3e652f63e798a5ac2f31ffd0d863669328dc4c/server/out/vs/workbench/api/node/extensionHostProcess.js:160:8077)
	at a.terminate (/home/ec2-user/.vscode-server/cli/servers/Stable-5c3e652f63e798a5ac2f31ffd0d863669328dc4c/server/out/vs/workbench/api/node/extensionHostProcess.js:164:1513)
	at t (/home/ec2-user/.vscode-server/cli/servers/Stable-5c3e652f63e798a5ac2f31ffd0d863669328dc4c/server/out/vs/workbench/api/node/extensionHostProcess.js:177:9917)
	at j.a (/home/ec2-user/.vscode-server/cli/servers/Stable-5c3e652f63e798a5ac2f31ffd0d863669328dc4c/server/out/vs/workbench/api/node/extensionHostProcess.js:177:6710)
	at j.h (/home/ec2-user/.vscode-server/cli/servers/Stable-5c3e652f63e798a5ac2f31ffd0d863669328dc4c/server/out/vs/workbench/api/node/extensionHostProcess.js:99:20622)
	at listOnTimeout (node:internal/timers:569:17)
	at process.processTimers (node:internal/timers:512:7) setContext undefined
2024-04-11 13:07:37.658 [info] Extension host with pid 10251 exiting with code 0
